2023-07-21 16:36:24,336 [INFO] Activator:176 - 


2023-07-21 16:36:24,360 [INFO] Activator:177 - !SESSION log4j initialized
2023-07-21 16:36:37,343 [INFO] LogOutputStream:77 - [STDOUT_REDIRECT] 
2023-07-21 16:37:04,057 [ERROR] LogOutputStream:75 - [STDERR_REDIRECT] SLF4J: Failed to load class "org.slf4j.impl.StaticLoggerBinder".
2023-07-21 16:37:04,058 [ERROR] LogOutputStream:75 - [STDERR_REDIRECT] SLF4J: Defaulting to no-operation (NOP) logger implementation
2023-07-21 16:37:04,062 [ERROR] LogOutputStream:75 - [STDERR_REDIRECT] SLF4J: See http://www.slf4j.org/codes.html#StaticLoggerBinder for further details.
2023-07-21 17:06:58,713 [INFO] Activator:176 - 


2023-07-21 17:06:58,716 [INFO] Activator:177 - !SESSION log4j initialized
2023-07-21 17:07:07,163 [INFO] LogOutputStream:77 - [STDOUT_REDIRECT] 
2023-07-21 17:07:30,546 [ERROR] LogOutputStream:75 - [STDERR_REDIRECT] SLF4J: Failed to load class "org.slf4j.impl.StaticLoggerBinder".
2023-07-21 17:07:30,547 [ERROR] LogOutputStream:75 - [STDERR_REDIRECT] SLF4J: Defaulting to no-operation (NOP) logger implementation
2023-07-21 17:07:30,551 [ERROR] LogOutputStream:75 - [STDERR_REDIRECT] SLF4J: See http://www.slf4j.org/codes.html#StaticLoggerBinder for further details.
2023-07-21 17:15:41,627 [INFO] Activator:176 - 


2023-07-21 17:15:41,633 [INFO] Activator:177 - !SESSION log4j initialized
2023-07-21 17:16:00,321 [INFO] LogOutputStream:77 - [STDOUT_REDIRECT] 
2023-07-21 17:16:25,801 [ERROR] LogOutputStream:75 - [STDERR_REDIRECT] SLF4J: Failed to load class "org.slf4j.impl.StaticLoggerBinder".
2023-07-21 17:16:25,802 [ERROR] LogOutputStream:75 - [STDERR_REDIRECT] SLF4J: Defaulting to no-operation (NOP) logger implementation
2023-07-21 17:16:25,805 [ERROR] LogOutputStream:75 - [STDERR_REDIRECT] SLF4J: See http://www.slf4j.org/codes.html#StaticLoggerBinder for further details.
2023-07-21 17:23:38,513 [INFO] ApplicationProperties:184 - Using Application install path: C:\ST\STM32CubeIDE_1.12.1\STM32CubeIDE\plugins\com.st.stm32cube.common.mx_6.8.1.202304191431
2023-07-21 17:23:38,557 [INFO] DbMcusXml:78 - Set database path to: C:\ST\STM32CubeIDE_1.12.1\STM32CubeIDE\plugins\com.st.stm32cube.common.mx_6.8.1.202304191431\\db\/mcu/
2023-07-21 17:23:38,559 [INFO] ApiDb:274 - Set plugin database path to: C:\ST\STM32CubeIDE_1.12.1\STM32CubeIDE\plugins\com.st.stm32cube.common.mx_6.8.1.202304191431\\db\/plugins/boardmanager/
2023-07-21 17:23:38,562 [WARN] ApiDb:259 - Overriding images path with different value:  => C:\ST\STM32CubeIDE_1.12.1\STM32CubeIDE\plugins\com.st.stm32cube.common.mx_6.8.1.202304191431\\db\/plugins/mcufinder/images/
2023-07-21 17:23:38,640 [INFO] ApiDb:250 - Set database path to: C:\Users\Nhatn\.stmcufinder\plugins\mcufinder//mcu/
2023-07-21 17:23:38,643 [INFO] DbMcusAds:125 - Set database path to: C:\Users\Nhatn\.stmcufinder\plugins\mcufinder//mcu/
2023-07-21 17:23:39,293 [INFO] CrossReferenceDbSqlite:203 - Set database path to: C:\Users\Nhatn\.stmcufinder\plugins\mcufinder//mcu/cs/
2023-07-21 17:23:39,532 [INFO] RulesReader:64 - Compatibility file has been processed (293 Rules)
2023-07-21 17:23:39,706 [INFO] DbMcusXml:78 - Set database path to: C:\ST\STM32CubeIDE_1.12.1\STM32CubeIDE\plugins\com.st.stm32cube.common.mx_6.8.1.202304191431\\db\/mcu/
2023-07-21 17:23:39,706 [INFO] ApiDb:274 - Set plugin database path to: C:\ST\STM32CubeIDE_1.12.1\STM32CubeIDE\plugins\com.st.stm32cube.common.mx_6.8.1.202304191431\\db\/plugins/boardmanager/
2023-07-21 17:23:39,707 [INFO] ApiDb:261 - Set plugin images path to: C:\ST\STM32CubeIDE_1.12.1\STM32CubeIDE\plugins\com.st.stm32cube.common.mx_6.8.1.202304191431\\db\/plugins/mcufinder/images/
2023-07-21 17:23:39,707 [WARN] DbFile:41 - Overriding database path with different value: C:\Users\Nhatn\.stmcufinder\plugins\mcufinder/ => C:\Users\Nhatn\.stmcufinder\plugins\mcufinder
2023-07-21 17:23:39,707 [INFO] ApiDb:250 - Set database path to: C:\Users\Nhatn\.stmcufinder\plugins\mcufinder//mcu/
2023-07-21 17:23:39,708 [WARN] DbFile:41 - Overriding database path with different value: C:\Users\Nhatn\.stmcufinder\plugins\mcufinder/ => C:\Users\Nhatn\.stmcufinder\plugins\mcufinder
2023-07-21 17:23:39,708 [INFO] DbMcusAds:125 - Set database path to: C:\Users\Nhatn\.stmcufinder\plugins\mcufinder//mcu/
2023-07-21 17:23:39,708 [WARN] DbFile:41 - Overriding database path with different value: C:\Users\Nhatn\.stmcufinder\plugins\mcufinder/ => C:\Users\Nhatn\.stmcufinder\plugins\mcufinder
2023-07-21 17:23:39,708 [WARN] DbFile:41 - Overriding database path with different value: C:\Users\Nhatn\.stmcufinder\plugins\mcufinder/ => C:\Users\Nhatn\.stmcufinder\plugins\mcufinder
2023-07-21 17:23:40,291 [INFO] CrossReferenceDbSqlite:203 - Set database path to: C:\Users\Nhatn\.stmcufinder\plugins\mcufinder//mcu/cs/
2023-07-21 17:23:40,467 [INFO] MainPanel:253 - HeapMemory: 512753664
2023-07-21 17:23:40,704 [INFO] DbMcusXml:78 - Set database path to: C:\ST\STM32CubeIDE_1.12.1\STM32CubeIDE\plugins\com.st.stm32cube.common.mx_6.8.1.202304191431\\db\/mcu/
2023-07-21 17:23:40,704 [INFO] ApiDb:274 - Set plugin database path to: C:\ST\STM32CubeIDE_1.12.1\STM32CubeIDE\plugins\com.st.stm32cube.common.mx_6.8.1.202304191431\\db\/plugins/boardmanager/
2023-07-21 17:23:40,704 [INFO] ApiDb:261 - Set plugin images path to: C:\ST\STM32CubeIDE_1.12.1\STM32CubeIDE\plugins\com.st.stm32cube.common.mx_6.8.1.202304191431\\db\/plugins/mcufinder/images/
2023-07-21 17:23:40,706 [WARN] DbFile:41 - Overriding database path with different value: C:\Users\Nhatn\.stmcufinder\plugins\mcufinder/ => C:\Users\Nhatn\.stmcufinder\plugins\mcufinder
2023-07-21 17:23:40,706 [INFO] ApiDb:250 - Set database path to: C:\Users\Nhatn\.stmcufinder\plugins\mcufinder//mcu/
2023-07-21 17:23:40,706 [WARN] DbFile:41 - Overriding database path with different value: C:\Users\Nhatn\.stmcufinder\plugins\mcufinder/ => C:\Users\Nhatn\.stmcufinder\plugins\mcufinder
2023-07-21 17:23:40,707 [INFO] DbMcusAds:125 - Set database path to: C:\Users\Nhatn\.stmcufinder\plugins\mcufinder//mcu/
2023-07-21 17:23:40,707 [WARN] DbFile:41 - Overriding database path with different value: C:\Users\Nhatn\.stmcufinder\plugins\mcufinder/ => C:\Users\Nhatn\.stmcufinder\plugins\mcufinder
2023-07-21 17:23:40,707 [WARN] DbFile:41 - Overriding database path with different value: C:\Users\Nhatn\.stmcufinder\plugins\mcufinder/ => C:\Users\Nhatn\.stmcufinder\plugins\mcufinder
2023-07-21 17:23:41,292 [INFO] CrossReferenceDbSqlite:203 - Set database path to: C:\Users\Nhatn\.stmcufinder\plugins\mcufinder//mcu/cs/
2023-07-21 17:23:41,369 [INFO] ApplicationProperties:184 - Using Application install path: C:\ST\STM32CubeIDE_1.12.1\STM32CubeIDE\plugins\com.st.stm32cube.common.mx_6.8.1.202304191431
2023-07-21 17:23:41,372 [INFO] PluginManage:196 - Search for loadable plugins [exclusion list=, ]
2023-07-21 17:23:41,377 [INFO] PluginManage:310 - Check plugin analytics
2023-07-21 17:23:42,448 [INFO] AnalyticsPlugin:253 - Accepted Software Licenses: STM32CubeMX.6.5.0
2023-07-21 17:23:42,450 [INFO] AnalyticsPlugin:255 - Accepted CMSIS Pack Licenses: 
2023-07-21 17:23:42,452 [INFO] AnalyticsPlugin:257 - Accepted Firmware Licenses: 
2023-07-21 17:23:42,479 [INFO] PluginManage:359 - Loaded plugin analytics (category:tool,tabindex:-1)
2023-07-21 17:23:42,479 [INFO] PluginManage:310 - Check plugin cadmodel
2023-07-21 17:23:42,512 [INFO] CADModel:105 - Init CAD model plugin
2023-07-21 17:23:42,513 [INFO] PluginManage:359 - Loaded plugin cadmodel (category:power,tabindex:5)
2023-07-21 17:23:42,513 [INFO] PluginManage:310 - Check plugin clock
2023-07-21 17:23:42,555 [INFO] PluginManage:359 - Loaded plugin clock (category:base,tabindex:2)
2023-07-21 17:23:42,556 [INFO] PluginManage:310 - Check plugin ddr
2023-07-21 17:23:42,560 [INFO] PluginManage:359 - Loaded plugin ddr (category:tool,tabindex:6)
2023-07-21 17:23:42,561 [INFO] PluginManage:310 - Check plugin filemanager
2023-07-21 17:23:42,894 [INFO] PluginManage:359 - Loaded plugin filemanager (category:base,tabindex:10)
2023-07-21 17:23:42,894 [INFO] PluginManage:310 - Check plugin ipmanager
2023-07-21 17:23:42,912 [INFO] PluginManage:359 - Loaded plugin ipmanager (category:base,tabindex:5)
2023-07-21 17:23:42,913 [INFO] PluginManage:310 - Check plugin lpbam
2023-07-21 17:23:42,947 [INFO] PluginManage:359 - Loaded plugin lpbam (category:base,tabindex:0)
2023-07-21 17:23:42,947 [INFO] PluginManage:310 - Check plugin pinoutandconfiguration
2023-07-21 17:23:42,976 [INFO] PluginManage:359 - Loaded plugin pinoutandconfiguration (category:base,tabindex:1)
2023-07-21 17:23:42,976 [INFO] PluginManage:310 - Check plugin pinoutconfig
2023-07-21 17:23:43,344 [WARN] SupportedApi:132 - Cannot load RTOS API schema: s4s-elt-must-match.1: The content of 'definitions' must match (annotation?, (simpleType | complexType)?, (unique | key | keyref)*)). A problem was found starting at: attribute.
2023-07-21 17:23:43,755 [INFO] PluginManage:359 - Loaded plugin pinoutconfig (category:base,tabindex:0)
2023-07-21 17:23:43,755 [INFO] PluginManage:310 - Check plugin power
2023-07-21 17:23:43,811 [INFO] PluginManage:359 - Loaded plugin power (category:power,tabindex:4)
2023-07-21 17:23:43,811 [INFO] PluginManage:310 - Check plugin projectmanager
2023-07-21 17:23:43,878 [INFO] PluginManage:359 - Loaded plugin projectmanager (category:projectmanager,tabindex:3)
2023-07-21 17:23:43,878 [INFO] PluginManage:310 - Check plugin thirdparty
2023-07-21 17:23:44,520 [WARN] IntegrityCheckThread:84 - waiting for thirdparty lock release [integrity check]
2023-07-21 17:23:44,521 [INFO] PluginManage:359 - Loaded plugin thirdparty (category:base,tabindex:-1)
2023-07-21 17:23:44,521 [INFO] IntegrityCheckThread:86 - entering critical section [integrity check]
2023-07-21 17:23:44,522 [INFO] PluginManage:310 - Check plugin tools
2023-07-21 17:23:44,524 [INFO] ThirdPartyUpdaterWithRetryManager:70 - Updater plugin not ready yet. [1/15]
2023-07-21 17:23:44,573 [INFO] PluginManage:359 - Loaded plugin tools (category:base,tabindex:7)
2023-07-21 17:23:44,573 [INFO] PluginManage:310 - Check plugin tutovideos
2023-07-21 17:23:45,144 [INFO] PluginManage:359 - Loaded plugin tutovideos (category:base,tabindex:-1)
2023-07-21 17:23:45,146 [INFO] PluginManage:310 - Check plugin updater
2023-07-21 17:23:45,188 [INFO] PluginManage:359 - Loaded plugin updater (category:base,tabindex:12)
2023-07-21 17:23:45,189 [INFO] PluginManage:283 - PluginManage : Loaded plugins [15]
2023-07-21 17:23:46,131 [INFO] PinOutPanel:1499 - setPackage(No Configuration,No Configuration)
2023-07-21 17:23:46,390 [INFO] CADModel:165 - CPN selected for project level
2023-07-21 17:23:46,391 [INFO] CADModel:114 - Register for checkConnection events
2023-07-21 17:23:46,474 [INFO] IPUIPlugin:80 - create IPUIPlugin
2023-07-21 17:23:46,475 [INFO] PluginManager:220 - loadIPPluginJar : add adc
2023-07-21 17:23:46,543 [INFO] IPUIPlugin:80 - create IPUIPlugin
2023-07-21 17:23:46,543 [INFO] PluginManager:220 - loadIPPluginJar : add aes
2023-07-21 17:23:46,621 [INFO] IPUIPlugin:80 - create IPUIPlugin
2023-07-21 17:23:46,621 [INFO] PluginManager:220 - loadIPPluginJar : add can
2023-07-21 17:23:46,661 [INFO] IPUIPlugin:80 - create IPUIPlugin
2023-07-21 17:23:46,661 [INFO] PluginManager:220 - loadIPPluginJar : add comp
2023-07-21 17:23:46,722 [INFO] IPUIPlugin:80 - create IPUIPlugin
2023-07-21 17:23:46,723 [INFO] PluginManager:220 - loadIPPluginJar : add cryp
2023-07-21 17:23:46,782 [INFO] IPUIPlugin:80 - create IPUIPlugin
2023-07-21 17:23:46,782 [INFO] PluginManager:220 - loadIPPluginJar : add dfsdm
2023-07-21 17:23:46,815 [INFO] IPUIPlugin:80 - create IPUIPlugin
2023-07-21 17:23:46,816 [INFO] PluginManager:220 - loadIPPluginJar : add dma
2023-07-21 17:23:46,902 [INFO] IPUIPlugin:80 - create IPUIPlugin
2023-07-21 17:23:46,902 [INFO] PluginManager:220 - loadIPPluginJar : add dma3
2023-07-21 17:23:46,949 [INFO] IPUIPlugin:80 - create IPUIPlugin
2023-07-21 17:23:46,949 [INFO] PluginManager:220 - loadIPPluginJar : add fatfs
2023-07-21 17:23:47,051 [INFO] IPUIPlugin:80 - create IPUIPlugin
2023-07-21 17:23:47,052 [INFO] PluginManager:220 - loadIPPluginJar : add fmc
2023-07-21 17:23:47,080 [INFO] IPUIPlugin:80 - create IPUIPlugin
2023-07-21 17:23:47,081 [INFO] PluginManager:220 - loadIPPluginJar : add freertos
2023-07-21 17:23:47,116 [INFO] IPUIPlugin:80 - create IPUIPlugin
2023-07-21 17:23:47,117 [INFO] PluginManager:220 - loadIPPluginJar : add genericplugin
2023-07-21 17:23:47,372 [INFO] IPUIPlugin:80 - create IPUIPlugin
2023-07-21 17:23:47,372 [INFO] PluginManager:220 - loadIPPluginJar : add gfxmmu
2023-07-21 17:23:47,526 [INFO] ThirdPartyUpdaterWithRetryManager:70 - Updater plugin not ready yet. [2/15]
2023-07-21 17:23:47,693 [INFO] IPUIPlugin:80 - create IPUIPlugin
2023-07-21 17:23:47,693 [INFO] PluginManager:220 - loadIPPluginJar : add gic
2023-07-21 17:23:47,716 [INFO] IPUIPlugin:80 - create IPUIPlugin
2023-07-21 17:23:47,717 [INFO] PluginManager:220 - loadIPPluginJar : add gpio
2023-07-21 17:23:47,948 [INFO] IPUIPlugin:80 - create IPUIPlugin
2023-07-21 17:23:47,949 [INFO] PluginManager:220 - loadIPPluginJar : add gtzc
2023-07-21 17:23:48,020 [INFO] IPUIPlugin:80 - create IPUIPlugin
2023-07-21 17:23:48,020 [INFO] PluginManager:220 - loadIPPluginJar : add hash
2023-07-21 17:23:48,147 [INFO] IPUIPlugin:80 - create IPUIPlugin
2023-07-21 17:23:48,147 [INFO] PluginManager:220 - loadIPPluginJar : add i2c
2023-07-21 17:23:48,237 [INFO] IPUIPlugin:80 - create IPUIPlugin
2023-07-21 17:23:48,237 [INFO] PluginManager:220 - loadIPPluginJar : add i2s
2023-07-21 17:23:48,387 [INFO] IPUIPlugin:80 - create IPUIPlugin
2023-07-21 17:23:48,387 [INFO] PluginManager:220 - loadIPPluginJar : add i3c
2023-07-21 17:23:48,630 [INFO] IPUIPlugin:80 - create IPUIPlugin
2023-07-21 17:23:48,630 [INFO] PluginManager:220 - loadIPPluginJar : add ipddr
2023-07-21 17:23:48,820 [INFO] IPUIPlugin:80 - create IPUIPlugin
2023-07-21 17:23:48,821 [INFO] PluginManager:220 - loadIPPluginJar : add linkedlist
2023-07-21 17:23:48,896 [INFO] IPUIPlugin:80 - create IPUIPlugin
2023-07-21 17:23:48,896 [INFO] PluginManager:220 - loadIPPluginJar : add lorawan
2023-07-21 17:23:48,957 [INFO] IPUIPlugin:80 - create IPUIPlugin
2023-07-21 17:23:48,957 [INFO] PluginManager:220 - loadIPPluginJar : add ltdc
2023-07-21 17:23:48,993 [INFO] IPUIPlugin:80 - create IPUIPlugin
2023-07-21 17:23:48,994 [INFO] PluginManager:220 - loadIPPluginJar : add mdma
2023-07-21 17:23:49,021 [INFO] IPUIPlugin:80 - create IPUIPlugin
2023-07-21 17:23:49,021 [INFO] PluginManager:220 - loadIPPluginJar : add nvic
2023-07-21 17:23:49,083 [INFO] IPUIPlugin:80 - create IPUIPlugin
2023-07-21 17:23:49,083 [INFO] PluginManager:220 - loadIPPluginJar : add opamp
2023-07-21 17:23:49,221 [INFO] IPUIPlugin:80 - create IPUIPlugin
2023-07-21 17:23:49,221 [INFO] PluginManager:220 - loadIPPluginJar : add openamp
2023-07-21 17:23:49,361 [INFO] IPUIPlugin:80 - create IPUIPlugin
2023-07-21 17:23:49,361 [INFO] PluginManager:220 - loadIPPluginJar : add pdm2pcm
2023-07-21 17:23:49,396 [INFO] IPUIPlugin:80 - create IPUIPlugin
2023-07-21 17:23:49,403 [INFO] PluginManager:220 - loadIPPluginJar : add plateformsettings
2023-07-21 17:23:49,455 [INFO] IPUIPlugin:80 - create IPUIPlugin
2023-07-21 17:23:49,455 [INFO] PluginManager:220 - loadIPPluginJar : add quadspi
2023-07-21 17:23:49,478 [INFO] IPUIPlugin:80 - create IPUIPlugin
2023-07-21 17:23:49,478 [INFO] PluginManager:220 - loadIPPluginJar : add resmgrutility
2023-07-21 17:23:49,592 [INFO] IPUIPlugin:80 - create IPUIPlugin
2023-07-21 17:23:49,592 [INFO] PluginManager:220 - loadIPPluginJar : add sai
2023-07-21 17:23:49,660 [INFO] IPUIPlugin:80 - create IPUIPlugin
2023-07-21 17:23:49,661 [INFO] PluginManager:220 - loadIPPluginJar : add spi
2023-07-21 17:23:49,763 [INFO] IPUIPlugin:80 - create IPUIPlugin
2023-07-21 17:23:49,764 [INFO] PluginManager:220 - loadIPPluginJar : add stm32_wpan
2023-07-21 17:23:49,810 [INFO] IPUIPlugin:80 - create IPUIPlugin
2023-07-21 17:23:49,810 [INFO] PluginManager:220 - loadIPPluginJar : add tim
2023-07-21 17:23:49,926 [INFO] IPUIPlugin:80 - create IPUIPlugin
2023-07-21 17:23:49,926 [INFO] PluginManager:220 - loadIPPluginJar : add touchsensing
2023-07-21 17:23:49,974 [INFO] IPUIPlugin:80 - create IPUIPlugin
2023-07-21 17:23:49,974 [INFO] PluginManager:220 - loadIPPluginJar : add tracer_emb
2023-07-21 17:23:50,013 [INFO] IPUIPlugin:80 - create IPUIPlugin
2023-07-21 17:23:50,013 [INFO] PluginManager:220 - loadIPPluginJar : add ts
2023-07-21 17:23:50,041 [INFO] IPUIPlugin:80 - create IPUIPlugin
2023-07-21 17:23:50,041 [INFO] PluginManager:220 - loadIPPluginJar : add tsc
2023-07-21 17:23:50,078 [INFO] IPUIPlugin:80 - create IPUIPlugin
2023-07-21 17:23:50,078 [INFO] PluginManager:220 - loadIPPluginJar : add ucpd
2023-07-21 17:23:50,162 [INFO] IPUIPlugin:80 - create IPUIPlugin
2023-07-21 17:23:50,162 [INFO] PluginManager:220 - loadIPPluginJar : add usart
2023-07-21 17:23:50,252 [INFO] IPUIPlugin:80 - create IPUIPlugin
2023-07-21 17:23:50,253 [INFO] PluginManager:220 - loadIPPluginJar : add usbx
2023-07-21 17:23:50,474 [INFO] CADModel:165 - CPN selected for project level
2023-07-21 17:23:50,475 [INFO] CADModel:114 - Register for checkConnection events
2023-07-21 17:23:50,475 [FATAL] Updater:308 - Updater called before beeing initialized
2023-07-21 17:23:50,475 [ERROR] CADModel:125 - Updater not yet initialized, retry later 
2023-07-21 17:23:50,526 [INFO] ThirdPartyUpdaterWithRetryManager:70 - Updater plugin not ready yet. [3/15]
2023-07-21 17:23:50,842 [INFO] CADModel:165 - CPN selected for project level
2023-07-21 17:23:50,842 [INFO] CADModel:114 - Register for checkConnection events
2023-07-21 17:23:50,842 [FATAL] Updater:308 - Updater called before beeing initialized
2023-07-21 17:23:50,842 [ERROR] CADModel:125 - Updater not yet initialized, retry later 
2023-07-21 17:23:50,856 [FATAL] Updater:308 - Updater called before beeing initialized
2023-07-21 17:23:51,296 [FATAL] Updater:308 - Updater called before beeing initialized
2023-07-21 17:23:51,316 [INFO] DbMcusAds:53 - JSON generation date=Tue Mar 07 15:50:55 ICT 2023 (1678179055335)
2023-07-21 17:23:51,316 [FATAL] Updater:308 - Updater called before beeing initialized
2023-07-21 17:23:51,443 [WARN] DetailPanel:346 - Failed to get advertising image, set to default
2023-07-21 17:23:51,719 [FATAL] Updater:308 - Updater called before beeing initialized
2023-07-21 17:23:51,724 [FATAL] Updater:308 - Updater called before beeing initialized
2023-07-21 17:23:51,725 [FATAL] Updater:308 - Updater called before beeing initialized
2023-07-21 17:23:51,725 [WARN] DetailPanel:346 - Failed to get advertising image, set to default
2023-07-21 17:23:51,727 [FATAL] Updater:308 - Updater called before beeing initialized
2023-07-21 17:23:51,895 [ERROR] Updater:1120 - MainUpdater not yet initialized. External WinMGr cannot be set.
2023-07-21 17:23:51,913 [INFO] Updater:1056 - Updater Version found : 6.8.1
2023-07-21 17:23:51,956 [INFO] ApplicationProperties:184 - Using Application install path: C:\ST\STM32CubeIDE_1.12.1\STM32CubeIDE\plugins\com.st.stm32cube.common.mx_6.8.1.202304191431
2023-07-21 17:23:52,381 [INFO] MainUpdater:2854 - connection check result : 10
2023-07-21 17:23:52,382 [INFO] MainUpdater:3548 - Updater definition file requires update
2023-07-21 17:23:52,384 [INFO] MainUpdater:283 - Updater Check For Update Now.
2023-07-21 17:23:52,384 [INFO] MicroXplorer:498 - Change Database Version : DB.6.0.81
2023-07-21 17:23:52,452 [INFO] ServerAccessManage:473 - Download File updaters.zip
2023-07-21 17:23:52,765 [INFO] FileExtend:240 - Unzip File : updaters.zip
2023-07-21 17:23:52,765 [INFO] FileExtend:255 - Standard Zip Deflate
2023-07-21 17:23:53,572 [WARN] MainUpdater:1187 - Updater busy. Cannot search thirdparties
2023-07-21 17:23:53,574 [INFO] ThirdPartyUpdaterWithRetryManager:96 - Updater plugin is busy. [1/15]
2023-07-21 17:23:54,455 [INFO] ServerAccessManage:473 - Download File PacksControlFlags.xml
2023-07-21 17:23:54,923 [INFO] ServerAccessManage:473 - Download File cubemx.pidx
2023-07-21 17:23:55,986 [INFO] ServerAccessManage:473 - Download File STMicroelectronics.FP-SNS-FLIGHT1.pdsc
2023-07-21 17:23:56,697 [WARN] MainUpdater:1187 - Updater busy. Cannot search thirdparties
2023-07-21 17:23:56,698 [INFO] ThirdPartyUpdaterWithRetryManager:96 - Updater plugin is busy. [2/15]
2023-07-21 17:23:59,355 [INFO] ServerAccessManage:473 - Download File STMicroelectronics.X-CUBE-TOF1.pdsc
2023-07-21 17:23:59,704 [WARN] MainUpdater:1187 - Updater busy. Cannot search thirdparties
2023-07-21 17:23:59,704 [INFO] ThirdPartyUpdaterWithRetryManager:96 - Updater plugin is busy. [3/15]
2023-07-21 17:24:00,479 [ERROR] ServerAccessManage:1089 - Problem, file not found on Server
2023-07-21 17:24:02,704 [WARN] MainUpdater:1187 - Updater busy. Cannot search thirdparties
2023-07-21 17:24:02,704 [INFO] ThirdPartyUpdaterWithRetryManager:96 - Updater plugin is busy. [4/15]
2023-07-21 17:24:03,778 [ERROR] ServerAccessManage:1096 - Problem, Http access forbiden
2023-07-21 17:24:03,779 [ERROR] ServerAccessManage:651 - Problem, Http access forbiden : RoweBots.I-CUBE-UNISONRTOS.pdsc.
2023-07-21 17:24:04,059 [WARN] PackLoader:240 - Cannot read IP mode file for STMicroelectronics.FP-SNS-FLIGHT1.5.0.2
2023-07-21 17:24:04,122 [WARN] PackLoader:240 - Cannot read IP mode file for STMicroelectronics.X-CUBE-TOF1.3.3.1
2023-07-21 17:24:04,185 [INFO] PopulateThirdPartyThread:66 - Ending populate Thread
2023-07-21 17:24:04,193 [INFO] ThirdParty:1030 - CMSIS Pack Vendor :STMicroelectronics FP-SNS-FLIGHT1 5.0.2
2023-07-21 17:24:04,194 [INFO] ThirdParty:1030 - CMSIS Pack Vendor :STMicroelectronics X-CUBE-TOF1 3.3.1
2023-07-21 17:24:04,194 [INFO] LoadServerUpdatesThread:373 - End of LoadServerUpdate Thread
2023-07-21 17:24:04,274 [INFO] CheckServerUpdateThread:120 - End of CheckServer Thread
2023-07-21 17:24:04,331 [INFO] MainUpdater:2854 - connection check result : 10
2023-07-21 17:24:04,344 [INFO] MainUpdater:2854 - connection check result : 10
2023-07-21 17:24:04,607 [INFO] MicroXplorer:468 - Change Database Path : 
2023-07-21 17:24:04,608 [INFO] MicroXplorer:498 - Change Database Version : DB.6.0.81
2023-07-21 17:24:04,608 [WARN] ThirdParty:871 - waiting for thirdparty lock release [close project]
2023-07-21 17:24:06,124 [WARN] PackLoader:240 - Cannot read IP mode file for STMicroelectronics.X-CUBE-SMBUS.2.1.0
2023-07-21 17:24:06,212 [WARN] PackLoader:240 - Cannot read IP mode file for STMicroelectronics.X-CUBE-AZRTOS-F7.1.1.0
2023-07-21 17:24:06,250 [WARN] PackLoader:240 - Cannot read IP mode file for STMicroelectronics.FP-SNS-MOTENV1.4.3.2
2023-07-21 17:24:06,266 [WARN] PackLoader:240 - Cannot read IP mode file for STMicroelectronics.FP-SNS-FLIGHT1.5.0.1
2023-07-21 17:24:06,296 [WARN] PackLoader:240 - Cannot read IP mode file for STMicroelectronics.X-CUBE-BLE1.6.2.4
2023-07-21 17:24:06,303 [WARN] PackLoader:240 - Cannot read IP mode file for STMicroelectronics.FP-SNS-FLIGHT1.5.0.2
2023-07-21 17:24:06,339 [WARN] PackLoader:240 - Cannot read IP mode file for STMicroelectronics.X-CUBE-DISPLAY.3.0.0
2023-07-21 17:24:06,393 [WARN] PackLoader:240 - Cannot read IP mode file for emotas.I-CUBE-CANOPEN.1.3.0
2023-07-21 17:24:06,416 [WARN] PackLoader:240 - Cannot read IP mode file for STMicroelectronics.X-CUBE-TOUCHGFX.4.22.0
2023-07-21 17:24:06,455 [INFO] LogOutputStream:77 - [STDOUT_REDIRECT] 1 : Invalid condition id : UX_CORESTACK_Condition cause : null
2023-07-21 17:24:06,456 [INFO] LogOutputStream:77 - [STDOUT_REDIRECT] 1 : Invalid condition id : UX_CORESTACK_Condition cause : null
2023-07-21 17:24:06,459 [INFO] LogOutputStream:77 - [STDOUT_REDIRECT] 1 : Invalid condition id : UX_CORESTACK_Condition cause : null
2023-07-21 17:24:06,462 [INFO] LogOutputStream:77 - [STDOUT_REDIRECT] 1 : Invalid condition id : UX_CORESTACK_Condition cause : null
2023-07-21 17:24:06,465 [INFO] LogOutputStream:77 - [STDOUT_REDIRECT] 1 : Invalid condition id : UX_CORESTACK_Condition cause : null
2023-07-21 17:24:06,474 [WARN] PackLoader:240 - Cannot read IP mode file for STMicroelectronics.X-CUBE-AZRTOS-WL.2.0.0
2023-07-21 17:24:06,504 [WARN] PackLoader:240 - Cannot read IP mode file for WES.I-CUBE-Cesium.1.3.0
2023-07-21 17:24:06,529 [WARN] PackLoader:240 - Cannot read IP mode file for STMicroelectronics.X-CUBE-BLE2.3.3.0
2023-07-21 17:24:06,566 [WARN] PackLoader:240 - Cannot read IP mode file for STMicroelectronics.X-CUBE-ALGOBUILD.1.3.0
2023-07-21 17:24:06,627 [WARN] PackLoader:240 - Cannot read IP mode file for STMicroelectronics.X-CUBE-AZRTOS-G0.1.1.0
2023-07-21 17:24:06,668 [WARN] PackLoader:240 - Cannot read IP mode file for STMicroelectronics.X-CUBE-NFC4.3.0.0
2023-07-21 17:24:06,680 [WARN] PackLoader:240 - Cannot read IP mode file for STMicroelectronics.FP-ATR-SIGFOX1.3.2.0
2023-07-21 17:24:06,784 [WARN] PackLoader:240 - Cannot read IP mode file for SEGGER.I-CUBE-embOS.1.3.1
2023-07-21 17:24:06,897 [WARN] PackLoader:240 - Cannot read IP mode file for STMicroelectronics.X-CUBE-GNSS1.6.0.0
2023-07-21 17:24:06,998 [WARN] PackLoader:240 - Cannot read IP mode file for STMicroelectronics.X-CUBE-AZRTOS-F4.1.1.0
2023-07-21 17:24:07,066 [WARN] PackLoader:240 - Cannot read IP mode file for wolfSSL.I-CUBE-wolfSSL.5.6.0
2023-07-21 17:24:07,211 [WARN] PackLoader:240 - Cannot read IP mode file for STMicroelectronics.X-CUBE-MEMS1.9.6.0
2023-07-21 17:24:07,583 [WARN] PackLoader:240 - Cannot read IP mode file for STMicroelectronics.X-CUBE-BLEMGR.2.0.0
2023-07-21 17:24:07,649 [WARN] ConditionMgr:438 - getConditionDescription Invalid condition id : UX DEVICE CLASS RTOS Condition cause : null
2023-07-21 17:24:07,650 [WARN] ConditionMgr:438 - getConditionDescription Invalid condition id : UX DEVICE CLASS RTOS Condition cause : null
2023-07-21 17:24:07,659 [WARN] PackLoader:240 - Cannot read IP mode file for STMicroelectronics.X-CUBE-AZRTOS-H7.3.1.0
2023-07-21 17:24:07,662 [WARN] ConditionMgr:1039 - genDependencies : Invalid condition id : UX DEVICE CLASS RTOS Condition cause : null
2023-07-21 17:24:07,663 [WARN] ConditionMgr:1039 - genDependencies : Invalid condition id : UX DEVICE CLASS RTOS Condition cause : null
2023-07-21 17:24:07,664 [WARN] ConditionMgr:1039 - genDependencies : Invalid condition id : UX DEVICE CLASS RTOS Condition cause : null
2023-07-21 17:24:07,669 [WARN] ConditionMgr:1039 - genDependencies : Invalid condition id : UX DEVICE CLASS RTOS Condition cause : null
2023-07-21 17:24:07,670 [WARN] ConditionMgr:1039 - genDependencies : Invalid condition id : UX DEVICE CLASS RTOS Condition cause : null
2023-07-21 17:24:07,766 [WARN] PackLoader:240 - Cannot read IP mode file for STMicroelectronics.X-CUBE-NFC7.1.0.1
2023-07-21 17:24:07,790 [WARN] PackLoader:240 - Cannot read IP mode file for STMicroelectronics.X-CUBE-EEPRMA1.4.1.0
2023-07-21 17:24:07,889 [WARN] ConditionMgr:438 - getConditionDescription Invalid condition id : LAN8742 Phy interface Condition cause : null
2023-07-21 17:24:07,891 [WARN] PackLoader:240 - Cannot read IP mode file for STMicroelectronics.X-CUBE-AZRTOS-L4.2.0.0
2023-07-21 17:24:07,894 [WARN] ConditionMgr:1039 - genDependencies : Invalid condition id : LAN8742 Phy interface Condition cause : null
2023-07-21 17:24:07,895 [WARN] ConditionMgr:1039 - genDependencies : Invalid condition id : LAN8742 Phy interface Condition cause : null
2023-07-21 17:24:07,896 [WARN] ConditionMgr:1039 - genDependencies : Invalid condition id : LAN8742 Phy interface Condition cause : null
2023-07-21 17:24:07,959 [WARN] PackLoader:240 - Cannot read IP mode file for STMicroelectronics.X-CUBE-SFXS2LP1.4.0.0
2023-07-21 17:24:07,985 [WARN] PackLoader:240 - Cannot read IP mode file for STMicroelectronics.X-CUBE-ISPU.1.1.0
2023-07-21 17:24:08,009 [WARN] PackLoader:240 - Cannot read IP mode file for STMicroelectronics.X-CUBE-FREERTOS.1.0.1
2023-07-21 17:24:08,088 [WARN] PackLoader:240 - Cannot read IP mode file for STMicroelectronics.X-CUBE-AZRTOS-L5.1.1.0
2023-07-21 17:24:08,180 [WARN] PackLoader:240 - Cannot read IP mode file for STMicroelectronics.X-CUBE-AI.8.0.1
2023-07-21 17:24:08,218 [WARN] PackLoader:240 - Cannot read IP mode file for STMicroelectronics.X-CUBE-SUBG2.5.0.0
2023-07-21 17:24:08,266 [WARN] PackLoader:240 - Cannot read IP mode file for STMicroelectronics.X-CUBE-TOF1.3.3.1
2023-07-21 17:24:08,335 [WARN] PackLoader:240 - Cannot read IP mode file for STMicroelectronics.X-CUBE-AZRTOS-G4.2.0.0
2023-07-21 17:24:08,372 [WARN] PackLoader:240 - Cannot read IP mode file for STMicroelectronics.X-CUBE-TOF1.3.3.0
2023-07-21 17:24:08,412 [WARN] PackLoader:240 - Cannot read IP mode file for portGmbH.I-Cube-SoM-uGOAL.1.1.0
2023-07-21 17:24:08,433 [WARN] PackLoader:240 - Cannot read IP mode file for STMicroelectronics.X-CUBE-ALS.1.0.1
2023-07-21 17:24:08,480 [WARN] PackLoader:240 - Cannot read IP mode file for STMicroelectronics.X-CUBE-AZRTOS-WB.1.1.0
2023-07-21 17:24:08,492 [WARN] PackLoader:240 - Cannot read IP mode file for STMicroelectronics.FP-ATR-ASTRA1.2.0.0
2023-07-21 17:24:08,493 [INFO] ThirdParty:978 - Integrity check success = true
2023-07-21 17:24:08,493 [INFO] IntegrityCheckThread:100 - exiting critical section [integrity check]
2023-07-21 17:24:08,493 [INFO] IntegrityCheckThread:103 - End integrity checks thread
2023-07-21 17:24:08,494 [INFO] ThirdParty:873 - entering critical section [close project]
2023-07-21 17:24:08,496 [INFO] ThirdParty:883 - exiting critical section [close project]
2023-07-21 17:24:08,502 [INFO] PinOutPanel:1499 - setPackage(No Configuration,No Configuration)
2023-07-21 17:24:08,568 [INFO] UtilMem:75 - Begin LoadConfig() Used Memory: 506875480 Bytes (741343232)
2023-07-21 17:24:08,570 [INFO] MicroXplorer:468 - Change Database Path : 
2023-07-21 17:24:08,570 [INFO] MicroXplorer:498 - Change Database Version : DB.6.0.81
2023-07-21 17:24:08,570 [INFO] OpenFileManager:308 - Change cursor
2023-07-21 17:24:08,821 [INFO] Mcu:1937 - Initializing MCU STM32F205V(B-C-E-F-G)Tx STM32F205VCTx STM32F205VCT6
2023-07-21 17:24:12,720 [INFO] Context:659 - Trying to add GPIOservice into a context  which must be forbidden
2023-07-21 17:24:14,116 [INFO] RtosManager:555 - Registered RTOS mode: class=CMSIS, group=RTOS, mode=CMSIS_V1, owner=FREERTOS
2023-07-21 17:24:14,116 [INFO] RtosManager:555 - Registered RTOS mode: class=CMSIS, group=RTOS2, mode=CMSIS_V2, owner=FREERTOS
2023-07-21 17:24:14,116 [INFO] RtosManager:555 - Registered RTOS mode: class=RTOS, group=Core, mode=CMSIS_V1, owner=FREERTOS
2023-07-21 17:24:14,116 [INFO] RtosManager:555 - Registered RTOS mode: class=RTOS, group=Core, mode=CMSIS_V2, owner=FREERTOS
2023-07-21 17:24:14,117 [WARN] ModelIntegratedComponent:184 - Missing modes for component STMicroelectronics:FreeRTOS:0.0.1:STMicroelectronics:RTOS:FreeRTOS:Core:::10.2.0:
2023-07-21 17:24:14,150 [WARN] ModelIntegratedComponent:63 - No mode defined for component null
2023-07-21 17:24:14,150 [WARN] ModelIntegratedComponent:63 - No mode defined for component null
2023-07-21 17:24:14,150 [WARN] ModelIntegratedComponent:63 - No mode defined for component null
2023-07-21 17:24:14,150 [WARN] ModelIntegratedComponent:63 - No mode defined for component null
2023-07-21 17:24:14,151 [WARN] ModelIntegratedComponent:63 - No mode defined for component null
2023-07-21 17:24:14,151 [WARN] ModelIntegratedComponent:63 - No mode defined for component null
2023-07-21 17:24:14,151 [WARN] ModelIntegratedComponent:63 - No mode defined for component null
2023-07-21 17:24:14,151 [WARN] ModelIntegratedComponent:63 - No mode defined for component null
2023-07-21 17:24:14,151 [WARN] ModelIntegratedComponent:63 - No mode defined for component null
2023-07-21 17:24:14,151 [WARN] ModelIntegratedComponent:63 - No mode defined for component null
2023-07-21 17:24:14,151 [WARN] ModelIntegratedComponent:63 - No mode defined for component null
2023-07-21 17:24:14,151 [WARN] ModelIntegratedComponent:63 - No mode defined for component null
2023-07-21 17:24:14,152 [WARN] ModelIntegratedComponent:63 - No mode defined for component null
2023-07-21 17:24:14,152 [WARN] ModelIntegratedComponent:63 - No mode defined for component null
2023-07-21 17:24:14,152 [WARN] ModelIntegratedComponent:63 - No mode defined for component null
2023-07-21 17:24:14,152 [WARN] ModelIntegratedComponent:63 - No mode defined for component null
2023-07-21 17:24:14,152 [WARN] ModelIntegratedComponent:63 - No mode defined for component null
2023-07-21 17:24:14,152 [WARN] ModelIntegratedComponent:63 - No mode defined for component null
2023-07-21 17:24:14,152 [WARN] ModelIntegratedComponent:63 - No mode defined for component null
2023-07-21 17:24:14,153 [WARN] ModelIntegratedComponent:63 - No mode defined for component null
2023-07-21 17:24:14,153 [WARN] ModelIntegratedComponent:63 - No mode defined for component null
2023-07-21 17:24:14,153 [WARN] ModelIntegratedComponent:63 - No mode defined for component null
2023-07-21 17:24:14,153 [WARN] ModelIntegratedComponent:63 - No mode defined for component null
2023-07-21 17:24:14,153 [WARN] ModelIntegratedComponent:63 - No mode defined for component null
2023-07-21 17:24:14,153 [WARN] ModelIntegratedComponent:63 - No mode defined for component null
2023-07-21 17:24:14,153 [WARN] ModelIntegratedComponent:63 - No mode defined for component null
2023-07-21 17:24:14,153 [WARN] ModelIntegratedComponent:63 - No mode defined for component null
2023-07-21 17:24:14,154 [WARN] ModelIntegratedComponent:63 - No mode defined for component null
2023-07-21 17:24:14,154 [WARN] ModelIntegratedComponent:63 - No mode defined for component null
2023-07-21 17:24:14,154 [WARN] ModelIntegratedComponent:63 - No mode defined for component null
2023-07-21 17:24:14,154 [WARN] ModelIntegratedComponent:63 - No mode defined for component null
2023-07-21 17:24:14,154 [WARN] ModelIntegratedComponent:63 - No mode defined for component null
2023-07-21 17:24:14,154 [WARN] ModelIntegratedComponent:63 - No mode defined for component null
2023-07-21 17:24:14,199 [INFO] ThirdPartyModel:298 - Start build external matchings
2023-07-21 17:24:14,536 [INFO] ThirdPartyModel:316 - End build external matchings
2023-07-21 17:24:14,592 [INFO] ImportTextPane:194 - (OptionalMessage_ERROR) IP (RCC) : Parameter (48MHZClocksFreq_Value) has invalid value (60000000)
2023-07-21 17:24:14,593 [INFO] ImportTextPane:194 - (OptionalMessage_ERROR) IP (RCC) : Invalid parameter (FamilyName)
2023-07-21 17:24:14,595 [INFO] ImportTextPane:194 - (OptionalMessage_ERROR) IP (RCC) : Parameter (RTCHSEDivFreq_Value) has invalid value (12500000)
2023-07-21 17:24:15,439 [INFO] UtilMem:75 - End LoadConfig() Used Memory: 530179792 Bytes (741343232)
2023-07-21 17:24:15,686 [INFO] ApiDb:581 - Connected to CubeFinder SQLite database (C:\Users\Nhatn\.stmcufinder\plugins\mcufinder\mcu\cube-finder-db.db)
2023-07-21 17:24:15,902 [INFO] ApiDb:668 - CubeFinder database Data Model version=2.1
2023-07-21 17:24:15,903 [INFO] ApiDb:669 - CubeFinder database Configuration version=3.0.37
2023-07-21 17:24:15,903 [INFO] ApiDb:670 - CubeFinder database generation date=2023-06-26 (1687786131)
2023-07-21 17:24:15,903 [INFO] ApiDb:671 - CubeFinder database FW Pack versions=[FP-ATR-ASTRA1_V2.0.0, FP-SNS-FLIGHT1_V5.0.1, FP-SNS-MOTENV1_V4.3.1, STM32Cube_FW_C0_V1.1.0, STM32Cube_FW_F4_V1.27.1, STM32Cube_FW_F7_V1.17.0, STM32Cube_FW_G0_V1.6.1, STM32Cube_FW_G4_V1.5.1, STM32Cube_FW_H5_V0.5.1, STM32Cube_FW_H5_V1.1.0, STM32Cube_FW_H7_V1.11.0, STM32Cube_FW_L0_V1.12.2, STM32Cube_FW_L5_V1.5.0, STM32Cube_FW_U5_V1.3.0, STM32Cube_FW_U5_V1.3.0RC4, STM32Cube_FW_WBA_V1.0.0RC1, STM32Cube_FW_WBA_V1.1.0, STM32Cube_FW_WBA_V1.1.0RC1, STM32Cube_FW_WB_V1.15.0RC1, STM32Cube_FW_WB_V1.16.0, STM32Cube_FW_WB_V1.16.0RC2, STM32Cube_FW_WB_V1.17.0, STM32Cube_FW_WL_V1.3.0, X-CUBE-ALGOBUILD_V1.3.0, X-CUBE-ALS_V1.0.1, X-CUBE-AZRTOS-F4_V1.1.0, X-CUBE-AZRTOS-F7_V1.1.0, X-CUBE-AZRTOS-G0_V1.1.0, X-CUBE-AZRTOS-G4_V2.0.0, X-CUBE-AZRTOS-H7_V3.1.0, X-CUBE-AZRTOS-L4_V1.0.0, X-CUBE-AZRTOS-L4_V2.0.0, X-CUBE-AZRTOS-L5_V1.1.0, X-CUBE-AZRTOS-WB_V1.1.0, X-CUBE-AZRTOS-WL_V2.0.0, X-CUBE-BLE1_V6.2.4, X-CUBE-BLE2_V3.3.0, X-CUBE-BLEMGR_V2.0.0, X-CUBE-EEPRMA1_V4.1.0, X-CUBE-FREERTOS_V1.0.1, X-CUBE-GNSS1_V6.0.0, X-CUBE-MEMS1_V9.1.0, X-CUBE-MEMS1_V9.4.0, X-CUBE-MEMS1_V9.6.0, X-CUBE-NFC4_V3.0.0, X-CUBE-NFC7_V1.0.0, X-CUBE-SFXS2LP1_V4.0.0, X-CUBE-SUBG2_V5.0.0]
2023-07-21 17:24:20,560 [INFO] ApiDb:240 - Found 297 in-development CPN: [B-G473E-ZEST1S, B-WB1M-WPAN1, B-WL5M-SUBG1, NUCLEO-C031C6, NUCLEO-H503RB, NUCLEO-H563ZI, NUCLEO-U545RE-Q, NUCLEO-U5A5ZJ-Q, NUCLEO-WBA52CG, STEVAL-PROTEUS1, STEVAL-STWINBX1, STM320518-EVAL, STM32C0116-DK, STM32C011D6Y3TR, STM32C011D6Y6TR, STM32C011F4P3, STM32C011F4P6, STM32C011F4U3, STM32C011F4U6TR, STM32C011F6P3, STM32C011F6P6, STM32C011F6U3, STM32C011F6U6TR, STM32C011J4M3, STM32C011J4M6, STM32C011J6M3, STM32C011J6M6, STM32C0316-DK, STM32C031C4T3, STM32C031C4T6, STM32C031C4U3, STM32C031C4U6, STM32C031C6T3, STM32C031C6T6, STM32C031C6U3, STM32C031C6U6, STM32C031F4P3, STM32C031F4P6, STM32C031F6P3, STM32C031F6P6, STM32C031G4U3, STM32C031G4U6, STM32C031G6U3, STM32C031G6U6, STM32C031K4T3, STM32C031K4T6, STM32C031K4U3, STM32C031K4U6, STM32C031K6T3, STM32C031K6T6, STM32C031K6U3, STM32C031K6U6, STM32G071K8TXN, STM32G071K8UXN, STM32G081GBU6N, STM32G081KBT6N, STM32G081KBUXN, STM32G0B1CCT6N, STM32G0B1KCT6, STM32G0B1NEY6TR, STM32G0B1RCT6N, STM32G0C1CCT6, STM32G0C1CCT6N, STM32G0C1CCU6N, STM32G0C1CET6N, STM32G0C1CEU6N, STM32G0C1KCT6, STM32G0C1NEY6TR, STM32G0C1RCI6N, STM32G0C1RCT6N, STM32G0C1REI6N, STM32G0C1RET6N, STM32G0C1VCI6, STM32G0C1VEI6, STM32G471CCT6, STM32G471CCU6, STM32G471CET3, STM32G471CET6, STM32G471CEU3, STM32G471CEU6, STM32G471MCT6, STM32G471MET3, STM32G471MET6, STM32G471MEY6TR, STM32G471QCT6, STM32G471QET3, STM32G471RCT6, STM32G471RET3, STM32G471RET6, STM32G471VCH6, STM32G471VCI6, STM32G471VCT6, STM32G471VEH3, STM32G471VEH6, STM32G471VEI3, STM32G471VEI6, STM32G471VET3, STM32G471VET6, STM32G474CCT6, STM32H503CBT6, STM32H503CBU6, STM32H503EBY6TR, STM32H503KBU6, STM32H503RBT6, STM32H562AGI6, STM32H562AII6, STM32H562IGK6, STM32H562IGT6, STM32H562IIK6, STM32H562IIT6, STM32H562RGT6, STM32H562RGV6, STM32H562RIT6, STM32H562RIV6, STM32H562VGT6, STM32H562VIT6, STM32H562ZGT6, STM32H562ZIT6, STM32H563AGI6, STM32H563AII3Q, STM32H563AII6, STM32H563IGK6, STM32H563IGT6, STM32H563IIK3Q, STM32H563IIK6, STM32H563IIT3Q, STM32H563IIT6, STM32H563MIY3QTR, STM32H563RGT6, STM32H563RGV6, STM32H563RIT6, STM32H563RIV6, STM32H563VGT6, STM32H563VIT3Q, STM32H563VIT6, STM32H563ZGT6, STM32H563ZIT3Q, STM32H563ZIT6, STM32H573AII3Q, STM32H573AII6, STM32H573I-DK, STM32H573IIK3Q, STM32H573IIK6, STM32H573IIT3Q, STM32H573IIT6, STM32H573MIY3QTR, STM32H573RIT6, STM32H573RIV6, STM32H573VIT3Q, STM32H573VIT6, STM32H573ZIT3Q, STM32H573ZIT6, STM32L4R5QGI6STR, STM32MP131AAE3, STM32MP131AAF3, STM32MP131AAG3, STM32MP131CAE3, STM32MP131CAF3, STM32MP131CAG3, STM32MP131DAE7, STM32MP131DAF7, STM32MP131DAG7, STM32MP131FAE7, STM32MP131FAF7, STM32MP131FAG7, STM32MP133AAE3, STM32MP133AAF3, STM32MP133AAG3, STM32MP133CAE3, STM32MP133CAF3, STM32MP133CAG3, STM32MP133DAE7, STM32MP133DAF7, STM32MP133DAG7, STM32MP133FAE7, STM32MP133FAF7, STM32MP133FAG7, STM32MP135AAE3, STM32MP135AAF3, STM32MP135AAG3, STM32MP135CAE3, STM32MP135CAF3, STM32MP135CAG3, STM32MP135DAE7, STM32MP135DAF7, STM32MP135DAG7, STM32MP135F-DK, STM32MP135FAE7, STM32MP135FAF7, STM32MP135FAF7T, STM32MP135FAF7U, STM32MP135FAG7, STM32U535CBT6, STM32U535CBT6Q, STM32U535CBU6, STM32U535CBU6Q, STM32U535CCT6, STM32U535CCT6Q, STM32U535CCU6, STM32U535CCU6Q, STM32U535CET6, STM32U535CET6Q, STM32U535CEU6, STM32U535CEU6Q, STM32U535JEY6QTR, STM32U535NCY6QTR, STM32U535NEY6QTR, STM32U535RBI6, STM32U535RBI6Q, STM32U535RBT6, STM32U535RBT6Q, STM32U535RCI6, STM32U535RCI6Q, STM32U535RCT6, STM32U535RCT6Q, STM32U535REI6, STM32U535REI6Q, STM32U535RET6, STM32U535RET6Q, STM32U535VCI6, STM32U535VCI6Q, STM32U535VCT6, STM32U535VCT6Q, STM32U535VEI6, STM32U535VEI6Q, STM32U535VET6, STM32U535VET6Q, STM32U545CET6, STM32U545CET6Q, STM32U545CEU6, STM32U545CEU6Q, STM32U545JEY6QTR, STM32U545NEY6QTR, STM32U545REI6, STM32U545REI6Q, STM32U545RET6, STM32U545RET6Q, STM32U545VEI6, STM32U545VEI6Q, STM32U545VET6, STM32U545VET6Q, STM32U595AIH6, STM32U595AIH6Q, STM32U595AJH6, STM32U595AJH6Q, STM32U595QII6, STM32U595QII6Q, STM32U595QJI6, STM32U595QJI6Q, STM32U595RIT6, STM32U595RIT6Q, STM32U595RJT6, STM32U595RJT6Q, STM32U595VIT6, STM32U595VIT6Q, STM32U595VJT6, STM32U595VJT6Q, STM32U595ZIT6, STM32U595ZIT6Q, STM32U595ZIY6QTR, STM32U595ZJT6, STM32U595ZJT6Q, STM32U595ZJY6QTR, STM32U599BJY6QTR, STM32U599NIH6Q, STM32U599NJH6Q, STM32U599VIT6Q, STM32U599VJT6, STM32U599VJT6Q, STM32U599ZIT6Q, STM32U599ZIY6QTR, STM32U599ZJT6Q, STM32U599ZJY6QTR, STM32U5A5AJH6, STM32U5A5AJH6Q, STM32U5A5QJI6, STM32U5A5QJI6Q, STM32U5A5RJT6, STM32U5A5RJT6Q, STM32U5A5VJT6, STM32U5A5VJT6Q, STM32U5A5ZJT6, STM32U5A5ZJT6Q, STM32U5A5ZJY6QTR, STM32U5A9BJY6QTR, STM32U5A9J-DK, STM32U5A9NJH6Q, STM32U5A9VJT6Q, STM32U5A9ZJT6Q, STM32U5A9ZJY6QTR, STM32WB1MMCH6, STM32WBA52CEU6, STM32WBA52CEU6T, STM32WBA52CGU6, STM32WBA52CGU6T, STM32WL5MOCH6, STM32WL5MOCH6TR]
2023-07-21 17:24:20,568 [INFO] DbMcus:216 - Found 3825 MCUs, 3825 are supported
2023-07-21 17:24:20,573 [INFO] ApiDb:423 - Load user favorites file C:\Users\Nhatn/.stm32cubeide/favorites.mcus.txt: 0 item(s)
2023-07-21 17:24:20,574 [INFO] ApiDb:427 - User favorites MCUs=[]
2023-07-21 17:24:20,574 [INFO] DbMcus:222 - Set 0 / 0 favorites MCUs
2023-07-21 17:24:21,087 [WARN] ThirdParty:833 - waiting for thirdparty lock release [change project]
2023-07-21 17:24:21,087 [INFO] ThirdParty:835 - entering critical section [change project]
2023-07-21 17:24:21,087 [INFO] ThirdParty:1030 - CMSIS Pack Vendor :STMicroelectronics X-CUBE-ISPU 1.1.0
2023-07-21 17:24:21,087 [INFO] ThirdParty:1030 - CMSIS Pack Vendor :STMicroelectronics X-CUBE-GNSS1 6.0.0
2023-07-21 17:24:21,087 [INFO] ThirdParty:1030 - CMSIS Pack Vendor :STMicroelectronics USB_HOST 2.0.0
2023-07-21 17:24:21,087 [INFO] ThirdParty:1030 - CMSIS Pack Vendor :STMicroelectronics X-CUBE-AZRTOS-F4 1.1.0
2023-07-21 17:24:21,087 [INFO] ThirdParty:1030 - CMSIS Pack Vendor :STMicroelectronics LIBJPEG 8.0.0
2023-07-21 17:24:21,087 [INFO] ThirdParty:1030 - CMSIS Pack Vendor :STMicroelectronics X-CUBE-SMBUS 2.1.0
2023-07-21 17:24:21,087 [INFO] ThirdParty:1030 - CMSIS Pack Vendor :wolfSSL I-CUBE-wolfSSL 5.6.0
2023-07-21 17:24:21,087 [INFO] ThirdParty:1030 - CMSIS Pack Vendor :STMicroelectronics USB_DEVICE 3.0.0
2023-07-21 17:24:21,087 [INFO] ThirdParty:1030 - CMSIS Pack Vendor :STMicroelectronics X-CUBE-FREERTOS 1.0.1
2023-07-21 17:24:21,088 [INFO] ThirdParty:1030 - CMSIS Pack Vendor :STMicroelectronics X-CUBE-AZRTOS-F7 1.1.0
2023-07-21 17:24:21,088 [INFO] ThirdParty:1030 - CMSIS Pack Vendor :STMicroelectronics USB_DEVICE 2.0.0
2023-07-21 17:24:21,088 [INFO] ThirdParty:1030 - CMSIS Pack Vendor :STMicroelectronics X-CUBE-MEMS1 9.6.0
2023-07-21 17:24:21,088 [INFO] ThirdParty:1030 - CMSIS Pack Vendor :STMicroelectronics FP-SNS-MOTENV1 4.3.2
2023-07-21 17:24:21,088 [INFO] ThirdParty:1030 - CMSIS Pack Vendor :STMicroelectronics FP-SNS-FLIGHT1 5.0.1
2023-07-21 17:24:21,088 [INFO] ThirdParty:1030 - CMSIS Pack Vendor :STMicroelectronics X-CUBE-ALGOBUILD 1.3.0
2023-07-21 17:24:21,088 [INFO] ThirdParty:1030 - CMSIS Pack Vendor :STMicroelectronics X-CUBE-BLE1 6.2.4
2023-07-21 17:24:21,088 [INFO] ThirdParty:1030 - CMSIS Pack Vendor :STMicroelectronics X-CUBE-AZRTOS-L5 1.1.0
2023-07-21 17:24:21,088 [INFO] ThirdParty:1030 - CMSIS Pack Vendor :STMicroelectronics FreeRTOS 0.0.1
2023-07-21 17:24:21,088 [INFO] ThirdParty:1030 - CMSIS Pack Vendor :STMicroelectronics X-CUBE-AZRTOS-G0 1.1.0
2023-07-21 17:24:21,088 [INFO] ThirdParty:1030 - CMSIS Pack Vendor :STMicroelectronics X-CUBE-BLEMGR 2.0.0
2023-07-21 17:24:21,088 [INFO] ThirdParty:1030 - CMSIS Pack Vendor :STMicroelectronics X-CUBE-AI 8.0.1
2023-07-21 17:24:21,089 [INFO] ThirdParty:1030 - CMSIS Pack Vendor :STMicroelectronics X-CUBE-NFC4 3.0.0
2023-07-21 17:24:21,089 [INFO] ThirdParty:1030 - CMSIS Pack Vendor :STMicroelectronics X-CUBE-SUBG2 5.0.0
2023-07-21 17:24:21,089 [INFO] ThirdParty:1030 - CMSIS Pack Vendor :STMicroelectronics STM32_WPAN 1.0.0
2023-07-21 17:24:21,089 [INFO] ThirdParty:1030 - CMSIS Pack Vendor :STMicroelectronics lwIP 2.0.3
2023-07-21 17:24:21,089 [INFO] ThirdParty:1030 - CMSIS Pack Vendor :STMicroelectronics FP-SNS-FLIGHT1 5.0.2
2023-07-21 17:24:21,089 [INFO] ThirdParty:1030 - CMSIS Pack Vendor :STMicroelectronics USB_HOST 1.0.0
2023-07-21 17:24:21,089 [INFO] ThirdParty:1030 - CMSIS Pack Vendor :STMicroelectronics X-CUBE-TOF1 3.3.1
2023-07-21 17:24:21,089 [INFO] ThirdParty:1030 - CMSIS Pack Vendor :STMicroelectronics X-CUBE-AZRTOS-G4 2.0.0
2023-07-21 17:24:21,089 [INFO] ThirdParty:1030 - CMSIS Pack Vendor :STMicroelectronics PDM2PCM 3.1.0
2023-07-21 17:24:21,089 [INFO] ThirdParty:1030 - CMSIS Pack Vendor :STMicroelectronics X-CUBE-AZRTOS-H7 3.1.0
2023-07-21 17:24:21,089 [INFO] ThirdParty:1030 - CMSIS Pack Vendor :STMicroelectronics X-CUBE-TOF1 3.3.0
2023-07-21 17:24:21,089 [INFO] ThirdParty:1030 - CMSIS Pack Vendor :STMicroelectronics PDM2PCM 3.3.0
2023-07-21 17:24:21,089 [INFO] ThirdParty:1030 - CMSIS Pack Vendor :STMicroelectronics X-CUBE-DISPLAY 3.0.0
2023-07-21 17:24:21,089 [INFO] ThirdParty:1030 - CMSIS Pack Vendor :STMicroelectronics FP-ATR-SIGFOX1 3.2.0
2023-07-21 17:24:21,089 [INFO] ThirdParty:1030 - CMSIS Pack Vendor :STMicroelectronics HAL Drivers 0.0.0
2023-07-21 17:24:21,089 [INFO] ThirdParty:1030 - CMSIS Pack Vendor :STMicroelectronics MBEDTLS 2.16.2
2023-07-21 17:24:21,089 [INFO] ThirdParty:1030 - CMSIS Pack Vendor :emotas I-CUBE-CANOPEN 1.3.0
2023-07-21 17:24:21,090 [INFO] ThirdParty:1030 - CMSIS Pack Vendor :STMicroelectronics X-CUBE-TOUCHGFX 4.22.0
2023-07-21 17:24:21,090 [INFO] ThirdParty:1030 - CMSIS Pack Vendor :STMicroelectronics X-CUBE-NFC7 1.0.1
2023-07-21 17:24:21,090 [INFO] ThirdParty:1030 - CMSIS Pack Vendor :STMicroelectronics MBEDTLS 2.14.1
2023-07-21 17:24:21,090 [INFO] ThirdParty:1030 - CMSIS Pack Vendor :STMicroelectronics X-CUBE-EEPRMA1 4.1.0
2023-07-21 17:24:21,090 [INFO] ThirdParty:1030 - CMSIS Pack Vendor :portGmbH I-Cube-SoM-uGOAL 1.1.0
2023-07-21 17:24:21,090 [INFO] ThirdParty:1030 - CMSIS Pack Vendor :STMicroelectronics X-CUBE-ALS 1.0.1
2023-07-21 17:24:21,090 [INFO] ThirdParty:1030 - CMSIS Pack Vendor :STMicroelectronics ThreadX 1.0.0
2023-07-21 17:24:21,090 [INFO] ThirdParty:1030 - CMSIS Pack Vendor :STMicroelectronics X-CUBE-AZRTOS-WB 1.1.0
2023-07-21 17:24:21,090 [INFO] ThirdParty:1030 - CMSIS Pack Vendor :STMicroelectronics X-CUBE-AZRTOS-WL 2.0.0
2023-07-21 17:24:21,090 [INFO] ThirdParty:1030 - CMSIS Pack Vendor :SEGGER I-CUBE-embOS 1.3.1
2023-07-21 17:24:21,090 [INFO] ThirdParty:1030 - CMSIS Pack Vendor :STMicroelectronics USB_DEVICE 1.0.0
2023-07-21 17:24:21,091 [INFO] ThirdParty:1030 - CMSIS Pack Vendor :STMicroelectronics X-CUBE-AZRTOS-L4 2.0.0
2023-07-21 17:24:21,091 [INFO] ThirdParty:1030 - CMSIS Pack Vendor :STMicroelectronics ThreadX 0.0.2
2023-07-21 17:24:21,091 [INFO] ThirdParty:1030 - CMSIS Pack Vendor :WES I-CUBE-Cesium 1.3.0
2023-07-21 17:24:21,091 [INFO] ThirdParty:1030 - CMSIS Pack Vendor :STMicroelectronics FP-ATR-ASTRA1 2.0.0
2023-07-21 17:24:21,091 [INFO] ThirdParty:1030 - CMSIS Pack Vendor :STMicroelectronics lwIP 2.1.2
2023-07-21 17:24:21,091 [INFO] ThirdParty:1030 - CMSIS Pack Vendor :STMicroelectronics X-CUBE-SFXS2LP1 4.0.0
2023-07-21 17:24:21,091 [INFO] ThirdParty:1030 - CMSIS Pack Vendor :STMicroelectronics X-CUBE-BLE2 3.3.0
2023-07-21 17:24:21,091 [INFO] ThirdParty:1030 - CMSIS Pack Vendor :STMicroelectronics PDM2PCM 3.2.0
2023-07-21 17:24:21,092 [INFO] ThirdParty:841 - exiting critical section [change project]
2023-07-21 17:24:22,075 [INFO] PinOutPanel:1499 - setPackage(No Configuration,No Configuration)
2023-07-21 17:24:22,078 [INFO] PinOutPanel:1499 - setPackage(STM32F205VCTx,LQFP100)
2023-07-21 17:24:23,582 [INFO] UtilMem:75 - Before build in PCC Used Memory: 599261184 Bytes (741343232)
2023-07-21 17:24:26,083 [INFO] UtilMem:75 - After build in PCC Used Memory: 604352296 Bytes (741343232)
2023-07-21 17:24:26,149 [INFO] IPUIPlugin:80 - create IPUIPlugin
2023-07-21 17:24:26,149 [INFO] IPUIPlugin:80 - create IPUIPlugin
2023-07-21 17:24:26,149 [INFO] IPUIPlugin:80 - create IPUIPlugin
2023-07-21 17:24:26,149 [INFO] IPUIPlugin:80 - create IPUIPlugin
2023-07-21 17:24:26,149 [INFO] IPUIPlugin:80 - create IPUIPlugin
2023-07-21 17:24:26,150 [INFO] IPUIPlugin:80 - create IPUIPlugin
2023-07-21 17:24:26,150 [INFO] IPUIPlugin:80 - create IPUIPlugin
2023-07-21 17:24:26,151 [INFO] IPUIPlugin:80 - create IPUIPlugin
2023-07-21 17:24:26,151 [INFO] IPUIPlugin:80 - create IPUIPlugin
2023-07-21 17:24:26,151 [INFO] IPUIPlugin:80 - create IPUIPlugin
2023-07-21 17:24:26,151 [INFO] IPUIPlugin:80 - create IPUIPlugin
2023-07-21 17:24:26,151 [INFO] IPUIPlugin:80 - create IPUIPlugin
2023-07-21 17:24:26,152 [INFO] IPUIPlugin:80 - create IPUIPlugin
2023-07-21 17:24:26,152 [INFO] IPUIPlugin:80 - create IPUIPlugin
2023-07-21 17:24:26,152 [INFO] IPUIPlugin:80 - create IPUIPlugin
2023-07-21 17:24:26,152 [INFO] IPUIPlugin:80 - create IPUIPlugin
2023-07-21 17:24:26,153 [INFO] IPUIPlugin:80 - create IPUIPlugin
2023-07-21 17:24:26,153 [INFO] IPUIPlugin:80 - create IPUIPlugin
2023-07-21 17:24:26,154 [INFO] IPUIPlugin:80 - create IPUIPlugin
2023-07-21 17:24:26,154 [INFO] IPUIPlugin:80 - create IPUIPlugin
2023-07-21 17:24:26,154 [INFO] IPUIPlugin:80 - create IPUIPlugin
2023-07-21 17:24:26,155 [INFO] IPUIPlugin:80 - create IPUIPlugin
2023-07-21 17:24:26,155 [INFO] IPUIPlugin:80 - create IPUIPlugin
2023-07-21 17:24:26,156 [INFO] IPUIPlugin:80 - create IPUIPlugin
2023-07-21 17:24:26,156 [INFO] IPUIPlugin:80 - create IPUIPlugin
2023-07-21 17:24:26,157 [INFO] IPUIPlugin:80 - create IPUIPlugin
2023-07-21 17:24:26,157 [INFO] IPUIPlugin:80 - create IPUIPlugin
2023-07-21 17:24:26,158 [INFO] IPUIPlugin:80 - create IPUIPlugin
2023-07-21 17:24:26,158 [INFO] IPUIPlugin:80 - create IPUIPlugin
2023-07-21 17:24:26,158 [INFO] IPUIPlugin:80 - create IPUIPlugin
2023-07-21 17:24:26,159 [INFO] IPUIPlugin:80 - create IPUIPlugin
2023-07-21 17:24:26,159 [INFO] IPUIPlugin:80 - create IPUIPlugin
2023-07-21 17:24:26,160 [INFO] IPUIPlugin:80 - create IPUIPlugin
2023-07-21 17:24:26,160 [INFO] IPUIPlugin:80 - create IPUIPlugin
2023-07-21 17:24:26,161 [INFO] IPUIPlugin:80 - create IPUIPlugin
2023-07-21 17:24:26,161 [INFO] IPUIPlugin:80 - create IPUIPlugin
2023-07-21 17:24:26,162 [INFO] IPUIPlugin:80 - create IPUIPlugin
2023-07-21 17:24:26,162 [INFO] IPUIPlugin:80 - create IPUIPlugin
2023-07-21 17:24:26,163 [INFO] IPUIPlugin:80 - create IPUIPlugin
2023-07-21 17:24:26,163 [INFO] IPUIPlugin:80 - create IPUIPlugin
2023-07-21 17:24:26,164 [INFO] IPUIPlugin:80 - create IPUIPlugin
2023-07-21 17:24:26,164 [INFO] IPUIPlugin:80 - create IPUIPlugin
2023-07-21 17:24:26,165 [INFO] IPUIPlugin:80 - create IPUIPlugin
2023-07-21 17:24:26,166 [INFO] IPUIPlugin:80 - create IPUIPlugin
2023-07-21 17:24:26,167 [INFO] IPUIPlugin:80 - create IPUIPlugin
2023-07-21 17:24:26,167 [INFO] IPUIPlugin:80 - create IPUIPlugin
2023-07-21 17:24:26,168 [INFO] IPUIPlugin:80 - create IPUIPlugin
2023-07-21 17:24:26,168 [INFO] IPUIPlugin:80 - create IPUIPlugin
2023-07-21 17:24:26,169 [INFO] IPUIPlugin:80 - create IPUIPlugin
2023-07-21 17:24:26,170 [INFO] IPUIPlugin:80 - create IPUIPlugin
2023-07-21 17:24:26,171 [INFO] IPUIPlugin:80 - create IPUIPlugin
2023-07-21 17:24:26,171 [INFO] IPUIPlugin:80 - create IPUIPlugin
2023-07-21 17:24:26,172 [INFO] IPUIPlugin:80 - create IPUIPlugin
2023-07-21 17:24:26,173 [INFO] IPUIPlugin:80 - create IPUIPlugin
2023-07-21 17:24:26,174 [INFO] IPUIPlugin:80 - create IPUIPlugin
2023-07-21 17:24:26,305 [INFO] ApiDbMcu:507 - Load IP Config File for PDM2PCM
2023-07-21 17:24:26,781 [INFO] CADModel:165 - CPN selected for project levelSTM32F205VCT6
2023-07-21 17:24:26,781 [INFO] CADModel:114 - Register for checkConnection events
2023-07-21 17:24:26,846 [INFO] OpenFileManager:328 - Restore cursor
2023-07-21 17:26:03,440 [INFO] UtilMem:75 - End SaveConfig() Used Memory: 580699800 Bytes (741343232)
2023-07-21 17:26:10,087 [INFO] UtilMem:75 - End SaveConfig() Used Memory: 546004688 Bytes (741343232)
2023-07-21 17:26:11,758 [INFO] UtilMem:75 - End SaveConfig() Used Memory: 581134032 Bytes (741343232)
2023-07-21 17:26:14,256 [INFO] UtilMem:75 - End SaveConfig() Used Memory: 620453584 Bytes (741343232)
2023-07-21 17:26:15,686 [INFO] BlockDiagram:2759 - set Specific Code input for plugin: SYS
2023-07-21 17:26:15,686 [INFO] BlockDiagram:2759 - set Specific Code input for plugin: RCC
2023-07-21 17:26:15,686 [INFO] BlockDiagram:2759 - set Specific Code input for plugin: NVIC
2023-07-21 17:26:15,686 [INFO] BlockDiagram:2759 - set Specific Code input for plugin: USART
2023-07-21 17:26:15,687 [INFO] BlockDiagram:2759 - set Specific Code input for plugin: USART
2023-07-21 17:26:15,687 [INFO] BlockDiagram:2759 - set Specific Code input for plugin: DAC
2023-07-21 17:26:15,687 [INFO] BlockDiagram:2759 - set Specific Code input for plugin: UART
2023-07-21 17:26:15,689 [INFO] BlockDiagram:2759 - set Specific Code input for plugin: GPIO
2023-07-21 17:26:15,694 [INFO] CodeGenerator:793 - code generatio: config db path: C:\ST\STM32CubeIDE_1.12.1\STM32CubeIDE\plugins\com.st.stm32cube.common.mx_6.8.1.202304191431\\db\
2023-07-21 17:26:16,950 [INFO] CodeEngine:255 - oldGeneratedFile, C:\Users\Nhatn\OneDrive\Desktop\DA\tailieuThayQuang\MQTT_Example\MQTT_example\MXTmpFiles\license.tmp_save
2023-07-21 17:26:18,401 [INFO] CodeEngine:279 - Generated code: C:\Users\Nhatn\OneDrive\Desktop\DA\tailieuThayQuang\MQTT_Example\MQTT_example\MXTmpFiles\license.tmp
2023-07-21 17:26:19,587 [INFO] CodeEngine:255 - oldGeneratedFile, C:\Users\Nhatn\OneDrive\Desktop\DA\tailieuThayQuang\MQTT_Example\MQTT_example\MXTmpFiles\gpio.tmp_save
2023-07-21 17:26:19,977 [INFO] CodeEngine:279 - Generated code: C:\Users\Nhatn\OneDrive\Desktop\DA\tailieuThayQuang\MQTT_Example\MQTT_example\MXTmpFiles\gpio.tmp
2023-07-21 17:26:20,826 [INFO] CodeEngine:255 - oldGeneratedFile, C:\Users\Nhatn\OneDrive\Desktop\DA\tailieuThayQuang\MQTT_Example\MQTT_example\Core\Src\stm32f2xx_it.c_save
2023-07-21 17:26:21,332 [INFO] CodeEngine:279 - Generated code: C:\Users\Nhatn\OneDrive\Desktop\DA\tailieuThayQuang\MQTT_Example\MQTT_example\Core\Src\stm32f2xx_it.c
2023-07-21 17:26:21,369 [INFO] CodeEngine:255 - oldGeneratedFile, C:\Users\Nhatn\OneDrive\Desktop\DA\tailieuThayQuang\MQTT_Example\MQTT_example\Core\Inc\stm32f2xx_it.h_save
2023-07-21 17:26:21,698 [INFO] CodeEngine:279 - Generated code: C:\Users\Nhatn\OneDrive\Desktop\DA\tailieuThayQuang\MQTT_Example\MQTT_example\Core\Inc\stm32f2xx_it.h
2023-07-21 17:26:21,775 [INFO] CodeEngine:255 - oldGeneratedFile, C:\Users\Nhatn\OneDrive\Desktop\DA\tailieuThayQuang\MQTT_Example\MQTT_example\Core\Src\stm32f2xx_hal_msp.c_save
2023-07-21 17:26:22,325 [INFO] CodeEngine:279 - Generated code: C:\Users\Nhatn\OneDrive\Desktop\DA\tailieuThayQuang\MQTT_Example\MQTT_example\Core\Src\stm32f2xx_hal_msp.c
2023-07-21 17:26:22,359 [INFO] CodeEngine:255 - oldGeneratedFile, C:\Users\Nhatn\OneDrive\Desktop\DA\tailieuThayQuang\MQTT_Example\MQTT_example\MXTmpFiles\system.tmp_save
2023-07-21 17:26:22,717 [INFO] CodeEngine:279 - Generated code: C:\Users\Nhatn\OneDrive\Desktop\DA\tailieuThayQuang\MQTT_Example\MQTT_example\MXTmpFiles\system.tmp
2023-07-21 17:26:22,817 [INFO] CodeEngine:311 - oldGeneratedFile, C:\Users\Nhatn\OneDrive\Desktop\DA\tailieuThayQuang\MQTT_Example\MQTT_example\Core\Inc\stm32f2xx_hal_conf.h_save
2023-07-21 17:26:23,264 [INFO] CodeEngine:335 - Generated code: C:\Users\Nhatn\OneDrive\Desktop\DA\tailieuThayQuang\MQTT_Example\MQTT_example\Core\Inc\stm32f2xx_hal_conf.h
2023-07-21 17:26:23,640 [INFO] CodeEngine:255 - oldGeneratedFile, C:\Users\Nhatn\OneDrive\Desktop\DA\tailieuThayQuang\MQTT_Example\MQTT_example\Core\Inc\main.h_save
2023-07-21 17:26:24,136 [INFO] CodeEngine:279 - Generated code: C:\Users\Nhatn\OneDrive\Desktop\DA\tailieuThayQuang\MQTT_Example\MQTT_example\Core\Inc\main.h
2023-07-21 17:26:24,260 [INFO] CodeEngine:255 - oldGeneratedFile, C:\Users\Nhatn\OneDrive\Desktop\DA\tailieuThayQuang\MQTT_Example\MQTT_example\Core\Src\main.c_save
2023-07-21 17:26:25,110 [INFO] CodeEngine:279 - Generated code: C:\Users\Nhatn\OneDrive\Desktop\DA\tailieuThayQuang\MQTT_Example\MQTT_example\Core\Src\main.c
2023-07-21 17:26:27,624 [INFO] ProjectBuilder:2996 - Time for Copy HAL[1] : 542mS.
2023-07-21 17:26:27,657 [INFO] ProjectBuilder:4304 - Project Generator version: 3.19.2
2023-07-21 17:26:28,670 [INFO] ConfigFileManager:1483 - The Die is : DIE411
2023-07-21 17:26:28,745 [INFO] ApiDbMcu:507 - Load IP Config File for FATFS
2023-07-21 17:26:28,779 [INFO] ApiDbMcu:507 - Load IP Config File for FREERTOS
2023-07-21 17:26:28,800 [INFO] ApiDbMcu:507 - Load IP Config File for LIBJPEG
2023-07-21 17:26:28,830 [INFO] ApiDbMcu:507 - Load IP Config File for MBEDTLS
2023-07-21 17:26:28,864 [INFO] ApiDbMcu:507 - Load IP Config File for USB_DEVICE
2023-07-21 17:26:28,892 [INFO] ApiDbMcu:507 - Load IP Config File for USB_HOST
2023-07-21 17:26:31,889 [INFO] LogOutputStream:77 - [STDOUT_REDIRECT] 
2023-07-21 17:26:39,385 [INFO] ProjectBuilder:4505 - Time for Generating toolchain IDE Files: 11727mS.
2023-07-21 17:26:39,387 [INFO] ProjectBuilder:2867 - Time for Copy CMSIS : 1mS.
2023-07-21 17:26:39,395 [INFO] ProjectBuilder:2867 - Time for Copy CMSIS : 0mS.
2023-07-21 17:28:43,504 [ERROR] ConfigurationRetriever:142 - IOException on connection: connect timed out
