2023-11-07 13:23:32,993 [INFO] Activator:176 - 


2023-11-07 13:23:33,001 [INFO] Activator:177 - !SESSION log4j initialized
2023-11-07 13:23:41,902 [INFO] LogOutputStream:77 - [STDOUT_REDIRECT] 
2023-11-07 13:24:10,635 [ERROR] LogOutputStream:75 - [STDERR_REDIRECT] SLF4J: Failed to load class "org.slf4j.impl.StaticLoggerBinder".
2023-11-07 13:24:10,636 [ERROR] LogOutputStream:75 - [STDERR_REDIRECT] SLF4J: Defaulting to no-operation (NOP) logger implementation
2023-11-07 13:24:10,640 [ERROR] LogOutputStream:75 - [STDERR_REDIRECT] SLF4J: See http://www.slf4j.org/codes.html#StaticLoggerBinder for further details.
2023-11-07 13:25:13,277 [INFO] Activator:176 - 


2023-11-07 13:25:13,281 [INFO] Activator:177 - !SESSION log4j initialized
2023-11-07 13:25:22,272 [INFO] LogOutputStream:77 - [STDOUT_REDIRECT] 
2023-11-07 13:25:58,580 [ERROR] LogOutputStream:75 - [STDERR_REDIRECT] SLF4J: Failed to load class "org.slf4j.impl.StaticLoggerBinder".
2023-11-07 13:25:58,581 [ERROR] LogOutputStream:75 - [STDERR_REDIRECT] SLF4J: Defaulting to no-operation (NOP) logger implementation
2023-11-07 13:25:58,586 [ERROR] LogOutputStream:75 - [STDERR_REDIRECT] SLF4J: See http://www.slf4j.org/codes.html#StaticLoggerBinder for further details.
2023-11-07 13:30:46,228 [INFO] Activator:176 - 


2023-11-07 13:30:46,234 [INFO] Activator:177 - !SESSION log4j initialized
2023-11-07 13:31:01,631 [INFO] LogOutputStream:77 - [STDOUT_REDIRECT] 
2023-11-07 13:31:29,988 [ERROR] LogOutputStream:75 - [STDERR_REDIRECT] SLF4J: Failed to load class "org.slf4j.impl.StaticLoggerBinder".
2023-11-07 13:31:29,990 [ERROR] LogOutputStream:75 - [STDERR_REDIRECT] SLF4J: Defaulting to no-operation (NOP) logger implementation
2023-11-07 13:31:29,994 [ERROR] LogOutputStream:75 - [STDERR_REDIRECT] SLF4J: See http://www.slf4j.org/codes.html#StaticLoggerBinder for further details.
2023-11-07 13:34:22,212 [INFO] Activator:176 - 


2023-11-07 13:34:22,216 [INFO] Activator:177 - !SESSION log4j initialized
2023-11-07 13:34:31,773 [INFO] LogOutputStream:77 - [STDOUT_REDIRECT] 
2023-11-07 13:36:11,983 [INFO] Activator:176 - 


2023-11-07 13:36:11,986 [INFO] Activator:177 - !SESSION log4j initialized
2023-11-07 13:36:21,446 [INFO] LogOutputStream:77 - [STDOUT_REDIRECT] 
2023-11-07 13:36:54,387 [ERROR] LogOutputStream:75 - [STDERR_REDIRECT] SLF4J: Failed to load class "org.slf4j.impl.StaticLoggerBinder".
2023-11-07 13:36:54,388 [ERROR] LogOutputStream:75 - [STDERR_REDIRECT] SLF4J: Defaulting to no-operation (NOP) logger implementation
2023-11-07 13:36:54,394 [ERROR] LogOutputStream:75 - [STDERR_REDIRECT] SLF4J: See http://www.slf4j.org/codes.html#StaticLoggerBinder for further details.
2023-11-07 13:39:45,410 [INFO] Activator:176 - 


2023-11-07 13:39:45,414 [INFO] Activator:177 - !SESSION log4j initialized
2023-11-07 13:39:50,649 [INFO] LogOutputStream:77 - [STDOUT_REDIRECT] 
2023-11-07 13:40:34,623 [INFO] Activator:176 - 


2023-11-07 13:40:34,626 [INFO] Activator:177 - !SESSION log4j initialized
2023-11-07 13:40:40,273 [INFO] LogOutputStream:77 - [STDOUT_REDIRECT] 
2023-11-07 13:41:15,036 [ERROR] LogOutputStream:75 - [STDERR_REDIRECT] SLF4J: Failed to load class "org.slf4j.impl.StaticLoggerBinder".
2023-11-07 13:41:15,037 [ERROR] LogOutputStream:75 - [STDERR_REDIRECT] SLF4J: Defaulting to no-operation (NOP) logger implementation
2023-11-07 13:41:15,041 [ERROR] LogOutputStream:75 - [STDERR_REDIRECT] SLF4J: See http://www.slf4j.org/codes.html#StaticLoggerBinder for further details.
2023-11-07 13:43:05,135 [INFO] ApplicationProperties:184 - Using Application install path: C:\ST\STM32CubeIDE_1.12.1\STM32CubeIDE\plugins\com.st.stm32cube.common.mx_6.8.1.202304191431
2023-11-07 13:43:05,173 [INFO] DbMcusXml:78 - Set database path to: C:\ST\STM32CubeIDE_1.12.1\STM32CubeIDE\plugins\com.st.stm32cube.common.mx_6.8.1.202304191431\\db\/mcu/
2023-11-07 13:43:05,174 [INFO] ApiDb:274 - Set plugin database path to: C:\ST\STM32CubeIDE_1.12.1\STM32CubeIDE\plugins\com.st.stm32cube.common.mx_6.8.1.202304191431\\db\/plugins/boardmanager/
2023-11-07 13:43:05,178 [WARN] ApiDb:259 - Overriding images path with different value:  => C:\ST\STM32CubeIDE_1.12.1\STM32CubeIDE\plugins\com.st.stm32cube.common.mx_6.8.1.202304191431\\db\/plugins/mcufinder/images/
2023-11-07 13:43:05,222 [INFO] ApiDb:250 - Set database path to: C:\Users\Nhatn\.stmcufinder\plugins\mcufinder//mcu/
2023-11-07 13:43:05,225 [INFO] DbMcusAds:125 - Set database path to: C:\Users\Nhatn\.stmcufinder\plugins\mcufinder//mcu/
2023-11-07 13:43:06,221 [INFO] CrossReferenceDbSqlite:203 - Set database path to: C:\Users\Nhatn\.stmcufinder\plugins\mcufinder//mcu/cs/
2023-11-07 13:43:06,417 [INFO] RulesReader:64 - Compatibility file has been processed (293 Rules)
2023-11-07 13:43:06,591 [INFO] DbMcusXml:78 - Set database path to: C:\ST\STM32CubeIDE_1.12.1\STM32CubeIDE\plugins\com.st.stm32cube.common.mx_6.8.1.202304191431\\db\/mcu/
2023-11-07 13:43:06,591 [INFO] ApiDb:274 - Set plugin database path to: C:\ST\STM32CubeIDE_1.12.1\STM32CubeIDE\plugins\com.st.stm32cube.common.mx_6.8.1.202304191431\\db\/plugins/boardmanager/
2023-11-07 13:43:06,592 [INFO] ApiDb:261 - Set plugin images path to: C:\ST\STM32CubeIDE_1.12.1\STM32CubeIDE\plugins\com.st.stm32cube.common.mx_6.8.1.202304191431\\db\/plugins/mcufinder/images/
2023-11-07 13:43:06,592 [WARN] DbFile:41 - Overriding database path with different value: C:\Users\Nhatn\.stmcufinder\plugins\mcufinder/ => C:\Users\Nhatn\.stmcufinder\plugins\mcufinder
2023-11-07 13:43:06,593 [INFO] ApiDb:250 - Set database path to: C:\Users\Nhatn\.stmcufinder\plugins\mcufinder//mcu/
2023-11-07 13:43:06,593 [WARN] DbFile:41 - Overriding database path with different value: C:\Users\Nhatn\.stmcufinder\plugins\mcufinder/ => C:\Users\Nhatn\.stmcufinder\plugins\mcufinder
2023-11-07 13:43:06,593 [INFO] DbMcusAds:125 - Set database path to: C:\Users\Nhatn\.stmcufinder\plugins\mcufinder//mcu/
2023-11-07 13:43:06,593 [WARN] DbFile:41 - Overriding database path with different value: C:\Users\Nhatn\.stmcufinder\plugins\mcufinder/ => C:\Users\Nhatn\.stmcufinder\plugins\mcufinder
2023-11-07 13:43:06,593 [WARN] DbFile:41 - Overriding database path with different value: C:\Users\Nhatn\.stmcufinder\plugins\mcufinder/ => C:\Users\Nhatn\.stmcufinder\plugins\mcufinder
2023-11-07 13:43:07,221 [INFO] CrossReferenceDbSqlite:203 - Set database path to: C:\Users\Nhatn\.stmcufinder\plugins\mcufinder//mcu/cs/
2023-11-07 13:43:07,462 [INFO] MainPanel:253 - HeapMemory: 484442112
2023-11-07 13:43:07,726 [INFO] DbMcusXml:78 - Set database path to: C:\ST\STM32CubeIDE_1.12.1\STM32CubeIDE\plugins\com.st.stm32cube.common.mx_6.8.1.202304191431\\db\/mcu/
2023-11-07 13:43:07,727 [INFO] ApiDb:274 - Set plugin database path to: C:\ST\STM32CubeIDE_1.12.1\STM32CubeIDE\plugins\com.st.stm32cube.common.mx_6.8.1.202304191431\\db\/plugins/boardmanager/
2023-11-07 13:43:07,727 [INFO] ApiDb:261 - Set plugin images path to: C:\ST\STM32CubeIDE_1.12.1\STM32CubeIDE\plugins\com.st.stm32cube.common.mx_6.8.1.202304191431\\db\/plugins/mcufinder/images/
2023-11-07 13:43:07,728 [WARN] DbFile:41 - Overriding database path with different value: C:\Users\Nhatn\.stmcufinder\plugins\mcufinder/ => C:\Users\Nhatn\.stmcufinder\plugins\mcufinder
2023-11-07 13:43:07,728 [INFO] ApiDb:250 - Set database path to: C:\Users\Nhatn\.stmcufinder\plugins\mcufinder//mcu/
2023-11-07 13:43:07,729 [WARN] DbFile:41 - Overriding database path with different value: C:\Users\Nhatn\.stmcufinder\plugins\mcufinder/ => C:\Users\Nhatn\.stmcufinder\plugins\mcufinder
2023-11-07 13:43:07,729 [INFO] DbMcusAds:125 - Set database path to: C:\Users\Nhatn\.stmcufinder\plugins\mcufinder//mcu/
2023-11-07 13:43:07,729 [WARN] DbFile:41 - Overriding database path with different value: C:\Users\Nhatn\.stmcufinder\plugins\mcufinder/ => C:\Users\Nhatn\.stmcufinder\plugins\mcufinder
2023-11-07 13:43:07,729 [WARN] DbFile:41 - Overriding database path with different value: C:\Users\Nhatn\.stmcufinder\plugins\mcufinder/ => C:\Users\Nhatn\.stmcufinder\plugins\mcufinder
2023-11-07 13:43:08,719 [INFO] CrossReferenceDbSqlite:203 - Set database path to: C:\Users\Nhatn\.stmcufinder\plugins\mcufinder//mcu/cs/
2023-11-07 13:43:08,764 [INFO] ApplicationProperties:184 - Using Application install path: C:\ST\STM32CubeIDE_1.12.1\STM32CubeIDE\plugins\com.st.stm32cube.common.mx_6.8.1.202304191431
2023-11-07 13:43:08,781 [INFO] PluginManage:196 - Search for loadable plugins [exclusion list=, ]
2023-11-07 13:43:08,786 [INFO] PluginManage:310 - Check plugin analytics
2023-11-07 13:43:15,166 [INFO] AnalyticsPlugin:253 - Accepted Software Licenses: STM32CubeMX.6.5.0
2023-11-07 13:43:15,166 [INFO] AnalyticsPlugin:255 - Accepted CMSIS Pack Licenses: 
2023-11-07 13:43:15,168 [INFO] AnalyticsPlugin:257 - Accepted Firmware Licenses: 
2023-11-07 13:43:15,198 [INFO] PluginManage:359 - Loaded plugin analytics (category:tool,tabindex:-1)
2023-11-07 13:43:15,198 [INFO] PluginManage:310 - Check plugin cadmodel
2023-11-07 13:43:15,320 [INFO] CADModel:105 - Init CAD model plugin
2023-11-07 13:43:15,320 [INFO] PluginManage:359 - Loaded plugin cadmodel (category:power,tabindex:5)
2023-11-07 13:43:15,321 [INFO] PluginManage:310 - Check plugin clock
2023-11-07 13:43:15,366 [INFO] PluginManage:359 - Loaded plugin clock (category:base,tabindex:2)
2023-11-07 13:43:15,366 [INFO] PluginManage:310 - Check plugin ddr
2023-11-07 13:43:15,373 [INFO] PluginManage:359 - Loaded plugin ddr (category:tool,tabindex:6)
2023-11-07 13:43:15,373 [INFO] PluginManage:310 - Check plugin filemanager
2023-11-07 13:43:15,791 [INFO] PluginManage:359 - Loaded plugin filemanager (category:base,tabindex:10)
2023-11-07 13:43:15,792 [INFO] PluginManage:310 - Check plugin ipmanager
2023-11-07 13:43:15,832 [INFO] PluginManage:359 - Loaded plugin ipmanager (category:base,tabindex:5)
2023-11-07 13:43:15,832 [INFO] PluginManage:310 - Check plugin lpbam
2023-11-07 13:43:15,917 [INFO] PluginManage:359 - Loaded plugin lpbam (category:base,tabindex:0)
2023-11-07 13:43:15,918 [INFO] PluginManage:310 - Check plugin pinoutandconfiguration
2023-11-07 13:43:15,966 [INFO] PluginManage:359 - Loaded plugin pinoutandconfiguration (category:base,tabindex:1)
2023-11-07 13:43:15,966 [INFO] PluginManage:310 - Check plugin pinoutconfig
2023-11-07 13:43:16,215 [WARN] SupportedApi:132 - Cannot load RTOS API schema: s4s-elt-must-match.1: The content of 'definitions' must match (annotation?, (simpleType | complexType)?, (unique | key | keyref)*)). A problem was found starting at: attribute.
2023-11-07 13:43:16,620 [INFO] PluginManage:359 - Loaded plugin pinoutconfig (category:base,tabindex:0)
2023-11-07 13:43:16,620 [INFO] PluginManage:310 - Check plugin power
2023-11-07 13:43:16,677 [INFO] PluginManage:359 - Loaded plugin power (category:power,tabindex:4)
2023-11-07 13:43:16,678 [INFO] PluginManage:310 - Check plugin projectmanager
2023-11-07 13:43:16,761 [INFO] PluginManage:359 - Loaded plugin projectmanager (category:projectmanager,tabindex:3)
2023-11-07 13:43:16,762 [INFO] PluginManage:310 - Check plugin thirdparty
2023-11-07 13:43:17,444 [INFO] PluginManage:359 - Loaded plugin thirdparty (category:base,tabindex:-1)
2023-11-07 13:43:17,447 [INFO] PluginManage:310 - Check plugin tools
2023-11-07 13:43:17,465 [WARN] IntegrityCheckThread:84 - waiting for thirdparty lock release [integrity check]
2023-11-07 13:43:17,466 [INFO] IntegrityCheckThread:86 - entering critical section [integrity check]
2023-11-07 13:43:17,480 [INFO] ThirdPartyUpdaterWithRetryManager:70 - Updater plugin not ready yet. [1/15]
2023-11-07 13:43:17,522 [INFO] PluginManage:359 - Loaded plugin tools (category:base,tabindex:7)
2023-11-07 13:43:17,522 [INFO] PluginManage:310 - Check plugin tutovideos
2023-11-07 13:43:18,127 [INFO] PluginManage:359 - Loaded plugin tutovideos (category:base,tabindex:-1)
2023-11-07 13:43:18,127 [INFO] PluginManage:310 - Check plugin updater
2023-11-07 13:43:18,183 [INFO] PluginManage:359 - Loaded plugin updater (category:base,tabindex:12)
2023-11-07 13:43:18,184 [INFO] PluginManage:283 - PluginManage : Loaded plugins [15]
2023-11-07 13:43:18,936 [INFO] PinOutPanel:1499 - setPackage(No Configuration,No Configuration)
2023-11-07 13:43:19,113 [INFO] CADModel:165 - CPN selected for project level
2023-11-07 13:43:19,113 [INFO] CADModel:114 - Register for checkConnection events
2023-11-07 13:43:19,195 [INFO] IPUIPlugin:80 - create IPUIPlugin
2023-11-07 13:43:19,196 [INFO] PluginManager:220 - loadIPPluginJar : add adc
2023-11-07 13:43:19,260 [INFO] IPUIPlugin:80 - create IPUIPlugin
2023-11-07 13:43:19,260 [INFO] PluginManager:220 - loadIPPluginJar : add aes
2023-11-07 13:43:19,343 [INFO] IPUIPlugin:80 - create IPUIPlugin
2023-11-07 13:43:19,344 [INFO] PluginManager:220 - loadIPPluginJar : add can
2023-11-07 13:43:19,395 [INFO] IPUIPlugin:80 - create IPUIPlugin
2023-11-07 13:43:19,395 [INFO] PluginManager:220 - loadIPPluginJar : add comp
2023-11-07 13:43:19,465 [INFO] IPUIPlugin:80 - create IPUIPlugin
2023-11-07 13:43:19,465 [INFO] PluginManager:220 - loadIPPluginJar : add cryp
2023-11-07 13:43:19,536 [INFO] IPUIPlugin:80 - create IPUIPlugin
2023-11-07 13:43:19,536 [INFO] PluginManager:220 - loadIPPluginJar : add dfsdm
2023-11-07 13:43:19,563 [INFO] IPUIPlugin:80 - create IPUIPlugin
2023-11-07 13:43:19,564 [INFO] PluginManager:220 - loadIPPluginJar : add dma
2023-11-07 13:43:19,657 [INFO] IPUIPlugin:80 - create IPUIPlugin
2023-11-07 13:43:19,661 [INFO] PluginManager:220 - loadIPPluginJar : add dma3
2023-11-07 13:43:19,711 [INFO] IPUIPlugin:80 - create IPUIPlugin
2023-11-07 13:43:19,712 [INFO] PluginManager:220 - loadIPPluginJar : add fatfs
2023-11-07 13:43:19,806 [INFO] IPUIPlugin:80 - create IPUIPlugin
2023-11-07 13:43:19,806 [INFO] PluginManager:220 - loadIPPluginJar : add fmc
2023-11-07 13:43:19,839 [INFO] IPUIPlugin:80 - create IPUIPlugin
2023-11-07 13:43:19,840 [INFO] PluginManager:220 - loadIPPluginJar : add freertos
2023-11-07 13:43:19,887 [INFO] IPUIPlugin:80 - create IPUIPlugin
2023-11-07 13:43:19,887 [INFO] PluginManager:220 - loadIPPluginJar : add genericplugin
2023-11-07 13:43:20,128 [INFO] IPUIPlugin:80 - create IPUIPlugin
2023-11-07 13:43:20,129 [INFO] PluginManager:220 - loadIPPluginJar : add gfxmmu
2023-11-07 13:43:20,400 [INFO] IPUIPlugin:80 - create IPUIPlugin
2023-11-07 13:43:20,400 [INFO] PluginManager:220 - loadIPPluginJar : add gic
2023-11-07 13:43:20,425 [INFO] IPUIPlugin:80 - create IPUIPlugin
2023-11-07 13:43:20,425 [INFO] PluginManager:220 - loadIPPluginJar : add gpio
2023-11-07 13:43:20,480 [INFO] ThirdPartyUpdaterWithRetryManager:70 - Updater plugin not ready yet. [2/15]
2023-11-07 13:43:20,608 [INFO] IPUIPlugin:80 - create IPUIPlugin
2023-11-07 13:43:20,608 [INFO] PluginManager:220 - loadIPPluginJar : add gtzc
2023-11-07 13:43:20,674 [INFO] IPUIPlugin:80 - create IPUIPlugin
2023-11-07 13:43:20,674 [INFO] PluginManager:220 - loadIPPluginJar : add hash
2023-11-07 13:43:20,799 [INFO] IPUIPlugin:80 - create IPUIPlugin
2023-11-07 13:43:20,800 [INFO] PluginManager:220 - loadIPPluginJar : add i2c
2023-11-07 13:43:20,881 [INFO] IPUIPlugin:80 - create IPUIPlugin
2023-11-07 13:43:20,881 [INFO] PluginManager:220 - loadIPPluginJar : add i2s
2023-11-07 13:43:20,967 [INFO] IPUIPlugin:80 - create IPUIPlugin
2023-11-07 13:43:20,968 [INFO] PluginManager:220 - loadIPPluginJar : add i3c
2023-11-07 13:43:21,373 [INFO] IPUIPlugin:80 - create IPUIPlugin
2023-11-07 13:43:21,373 [INFO] PluginManager:220 - loadIPPluginJar : add ipddr
2023-11-07 13:43:21,624 [INFO] IPUIPlugin:80 - create IPUIPlugin
2023-11-07 13:43:21,624 [INFO] PluginManager:220 - loadIPPluginJar : add linkedlist
2023-11-07 13:43:21,731 [INFO] IPUIPlugin:80 - create IPUIPlugin
2023-11-07 13:43:21,731 [INFO] PluginManager:220 - loadIPPluginJar : add lorawan
2023-11-07 13:43:21,828 [INFO] IPUIPlugin:80 - create IPUIPlugin
2023-11-07 13:43:21,828 [INFO] PluginManager:220 - loadIPPluginJar : add ltdc
2023-11-07 13:43:21,866 [INFO] IPUIPlugin:80 - create IPUIPlugin
2023-11-07 13:43:21,867 [INFO] PluginManager:220 - loadIPPluginJar : add mdma
2023-11-07 13:43:21,896 [INFO] IPUIPlugin:80 - create IPUIPlugin
2023-11-07 13:43:21,897 [INFO] PluginManager:220 - loadIPPluginJar : add nvic
2023-11-07 13:43:21,989 [INFO] IPUIPlugin:80 - create IPUIPlugin
2023-11-07 13:43:21,989 [INFO] PluginManager:220 - loadIPPluginJar : add opamp
2023-11-07 13:43:22,137 [INFO] IPUIPlugin:80 - create IPUIPlugin
2023-11-07 13:43:22,137 [INFO] PluginManager:220 - loadIPPluginJar : add openamp
2023-11-07 13:43:22,327 [INFO] IPUIPlugin:80 - create IPUIPlugin
2023-11-07 13:43:22,327 [INFO] PluginManager:220 - loadIPPluginJar : add pdm2pcm
2023-11-07 13:43:22,373 [INFO] IPUIPlugin:80 - create IPUIPlugin
2023-11-07 13:43:22,380 [INFO] PluginManager:220 - loadIPPluginJar : add plateformsettings
2023-11-07 13:43:22,426 [INFO] IPUIPlugin:80 - create IPUIPlugin
2023-11-07 13:43:22,426 [INFO] PluginManager:220 - loadIPPluginJar : add quadspi
2023-11-07 13:43:22,449 [INFO] IPUIPlugin:80 - create IPUIPlugin
2023-11-07 13:43:22,449 [INFO] PluginManager:220 - loadIPPluginJar : add resmgrutility
2023-11-07 13:43:22,534 [INFO] IPUIPlugin:80 - create IPUIPlugin
2023-11-07 13:43:22,534 [INFO] PluginManager:220 - loadIPPluginJar : add sai
2023-11-07 13:43:22,594 [INFO] IPUIPlugin:80 - create IPUIPlugin
2023-11-07 13:43:22,595 [INFO] PluginManager:220 - loadIPPluginJar : add spi
2023-11-07 13:43:22,685 [INFO] IPUIPlugin:80 - create IPUIPlugin
2023-11-07 13:43:22,686 [INFO] PluginManager:220 - loadIPPluginJar : add stm32_wpan
2023-11-07 13:43:22,721 [INFO] IPUIPlugin:80 - create IPUIPlugin
2023-11-07 13:43:22,721 [INFO] PluginManager:220 - loadIPPluginJar : add tim
2023-11-07 13:43:22,796 [INFO] IPUIPlugin:80 - create IPUIPlugin
2023-11-07 13:43:22,796 [INFO] PluginManager:220 - loadIPPluginJar : add touchsensing
2023-11-07 13:43:22,827 [INFO] IPUIPlugin:80 - create IPUIPlugin
2023-11-07 13:43:22,828 [INFO] PluginManager:220 - loadIPPluginJar : add tracer_emb
2023-11-07 13:43:22,861 [INFO] IPUIPlugin:80 - create IPUIPlugin
2023-11-07 13:43:22,861 [INFO] PluginManager:220 - loadIPPluginJar : add ts
2023-11-07 13:43:22,889 [INFO] IPUIPlugin:80 - create IPUIPlugin
2023-11-07 13:43:22,889 [INFO] PluginManager:220 - loadIPPluginJar : add tsc
2023-11-07 13:43:22,919 [INFO] IPUIPlugin:80 - create IPUIPlugin
2023-11-07 13:43:22,919 [INFO] PluginManager:220 - loadIPPluginJar : add ucpd
2023-11-07 13:43:22,986 [INFO] IPUIPlugin:80 - create IPUIPlugin
2023-11-07 13:43:22,986 [INFO] PluginManager:220 - loadIPPluginJar : add usart
2023-11-07 13:43:23,044 [INFO] IPUIPlugin:80 - create IPUIPlugin
2023-11-07 13:43:23,044 [INFO] PluginManager:220 - loadIPPluginJar : add usbx
2023-11-07 13:43:23,215 [INFO] CADModel:165 - CPN selected for project level
2023-11-07 13:43:23,215 [INFO] CADModel:114 - Register for checkConnection events
2023-11-07 13:43:23,215 [FATAL] Updater:308 - Updater called before beeing initialized
2023-11-07 13:43:23,215 [ERROR] CADModel:125 - Updater not yet initialized, retry later 
2023-11-07 13:43:23,481 [INFO] ThirdPartyUpdaterWithRetryManager:70 - Updater plugin not ready yet. [3/15]
2023-11-07 13:43:23,495 [INFO] CADModel:165 - CPN selected for project level
2023-11-07 13:43:23,495 [INFO] CADModel:114 - Register for checkConnection events
2023-11-07 13:43:23,495 [FATAL] Updater:308 - Updater called before beeing initialized
2023-11-07 13:43:23,495 [ERROR] CADModel:125 - Updater not yet initialized, retry later 
2023-11-07 13:43:23,503 [FATAL] Updater:308 - Updater called before beeing initialized
2023-11-07 13:43:23,976 [FATAL] Updater:308 - Updater called before beeing initialized
2023-11-07 13:43:23,998 [INFO] DbMcusAds:53 - JSON generation date=Tue Mar 07 15:50:55 ICT 2023 (1678179055335)
2023-11-07 13:43:23,998 [FATAL] Updater:308 - Updater called before beeing initialized
2023-11-07 13:43:24,139 [WARN] DetailPanel:346 - Failed to get advertising image, set to default
2023-11-07 13:43:24,353 [FATAL] Updater:308 - Updater called before beeing initialized
2023-11-07 13:43:24,358 [FATAL] Updater:308 - Updater called before beeing initialized
2023-11-07 13:43:24,359 [FATAL] Updater:308 - Updater called before beeing initialized
2023-11-07 13:43:24,359 [WARN] DetailPanel:346 - Failed to get advertising image, set to default
2023-11-07 13:43:24,360 [FATAL] Updater:308 - Updater called before beeing initialized
2023-11-07 13:43:24,481 [ERROR] Updater:1120 - MainUpdater not yet initialized. External WinMGr cannot be set.
2023-11-07 13:43:24,495 [INFO] Updater:1056 - Updater Version found : 6.8.1
2023-11-07 13:43:24,525 [INFO] ApplicationProperties:184 - Using Application install path: C:\ST\STM32CubeIDE_1.12.1\STM32CubeIDE\plugins\com.st.stm32cube.common.mx_6.8.1.202304191431
2023-11-07 13:43:24,637 [INFO] MainUpdater:519 - Copy updater definitions from MX database
2023-11-07 13:43:25,000 [INFO] MainUpdater:2854 - connection check result : 10
2023-11-07 13:43:25,001 [INFO] MainUpdater:3548 - Updater definition file requires update
2023-11-07 13:43:25,003 [INFO] MainUpdater:283 - Updater Check For Update Now.
2023-11-07 13:43:25,003 [INFO] MicroXplorer:498 - Change Database Version : DB.6.0.81
2023-11-07 13:43:25,140 [INFO] ServerAccessManage:473 - Download File updaters.zip
2023-11-07 13:43:26,323 [INFO] FileExtend:240 - Unzip File : updaters.zip
2023-11-07 13:43:26,324 [INFO] FileExtend:255 - Standard Zip Deflate
2023-11-07 13:43:26,482 [WARN] MainUpdater:1187 - Updater busy. Cannot search thirdparties
2023-11-07 13:43:26,482 [INFO] ThirdPartyUpdaterWithRetryManager:96 - Updater plugin is busy. [1/15]
2023-11-07 13:43:26,971 [INFO] ServerAccessManage:473 - Download File PacksControlFlags.xml
2023-11-07 13:43:27,164 [INFO] ServerAccessManage:473 - Download File cubemx.pidx
2023-11-07 13:43:27,393 [INFO] LoadServerUpdatesThread:373 - End of LoadServerUpdate Thread
2023-11-07 13:43:27,699 [INFO] CheckServerUpdateThread:120 - End of CheckServer Thread
2023-11-07 13:43:27,865 [INFO] MainUpdater:2854 - connection check result : 10
2023-11-07 13:43:27,879 [INFO] MainUpdater:2854 - connection check result : 10
2023-11-07 13:43:28,202 [INFO] MicroXplorer:468 - Change Database Path : 
2023-11-07 13:43:28,202 [INFO] MicroXplorer:498 - Change Database Version : DB.6.0.81
2023-11-07 13:43:28,204 [WARN] ThirdParty:871 - waiting for thirdparty lock release [close project]
2023-11-07 13:43:29,936 [WARN] PackLoader:240 - Cannot read IP mode file for STMicroelectronics.X-CUBE-SMBUS.2.1.0
2023-11-07 13:43:30,095 [WARN] PackLoader:240 - Cannot read IP mode file for STMicroelectronics.X-CUBE-AZRTOS-F7.1.1.0
2023-11-07 13:43:30,168 [WARN] PackLoader:240 - Cannot read IP mode file for STMicroelectronics.FP-SNS-MOTENV1.4.3.2
2023-11-07 13:43:30,231 [WARN] PackLoader:240 - Cannot read IP mode file for STMicroelectronics.FP-SNS-FLIGHT1.5.0.1
2023-11-07 13:43:30,266 [WARN] PackLoader:240 - Cannot read IP mode file for STMicroelectronics.X-CUBE-BLE1.6.2.4
2023-11-07 13:43:30,289 [WARN] PackLoader:240 - Cannot read IP mode file for STMicroelectronics.FP-SNS-FLIGHT1.5.0.2
2023-11-07 13:43:30,321 [WARN] PackLoader:240 - Cannot read IP mode file for STMicroelectronics.X-CUBE-DISPLAY.3.0.0
2023-11-07 13:43:30,359 [WARN] PackLoader:240 - Cannot read IP mode file for STMicroelectronics.X-CUBE-BLE1.7.0.0
2023-11-07 13:43:30,385 [WARN] PackLoader:240 - Cannot read IP mode file for emotas.I-CUBE-CANOPEN.1.3.0
2023-11-07 13:43:30,411 [WARN] PackLoader:240 - Cannot read IP mode file for STMicroelectronics.X-CUBE-TOUCHGFX.4.22.0
2023-11-07 13:43:30,435 [WARN] PackLoader:240 - Cannot read IP mode file for STMicroelectronics.X-CUBE-TOUCHGFX.4.22.1
2023-11-07 13:43:30,458 [WARN] PackLoader:240 - Cannot read IP mode file for STMicroelectronics.FP-SNS-SMARTAG2.1.2.0
2023-11-07 13:43:30,501 [INFO] LogOutputStream:77 - [STDOUT_REDIRECT] 1 : Invalid condition id : UX_CORESTACK_Condition cause : null
2023-11-07 13:43:30,502 [INFO] LogOutputStream:77 - [STDOUT_REDIRECT] 1 : Invalid condition id : UX_CORESTACK_Condition cause : null
2023-11-07 13:43:30,506 [INFO] LogOutputStream:77 - [STDOUT_REDIRECT] 1 : Invalid condition id : UX_CORESTACK_Condition cause : null
2023-11-07 13:43:30,509 [INFO] LogOutputStream:77 - [STDOUT_REDIRECT] 1 : Invalid condition id : UX_CORESTACK_Condition cause : null
2023-11-07 13:43:30,512 [INFO] LogOutputStream:77 - [STDOUT_REDIRECT] 1 : Invalid condition id : UX_CORESTACK_Condition cause : null
2023-11-07 13:43:30,521 [WARN] PackLoader:240 - Cannot read IP mode file for STMicroelectronics.X-CUBE-AZRTOS-WL.2.0.0
2023-11-07 13:43:30,561 [WARN] PackLoader:240 - Cannot read IP mode file for WES.I-CUBE-Cesium.1.3.0
2023-11-07 13:43:30,585 [WARN] PackLoader:240 - Cannot read IP mode file for STMicroelectronics.X-CUBE-BLE2.3.3.0
2023-11-07 13:43:30,613 [WARN] PackLoader:240 - Cannot read IP mode file for STMicroelectronics.X-CUBE-ALGOBUILD.1.3.0
2023-11-07 13:43:30,674 [WARN] PackLoader:240 - Cannot read IP mode file for STMicroelectronics.X-CUBE-AZRTOS-G0.1.1.0
2023-11-07 13:43:30,720 [WARN] PackLoader:240 - Cannot read IP mode file for STMicroelectronics.X-CUBE-NFC4.3.0.0
2023-11-07 13:43:30,762 [WARN] PackLoader:240 - Cannot read IP mode file for STMicroelectronics.X-CUBE-BLEMGR.3.0.0
2023-11-07 13:43:30,793 [WARN] PackLoader:240 - Cannot read IP mode file for STMicroelectronics.FP-ATR-SIGFOX1.3.2.0
2023-11-07 13:43:30,931 [WARN] PackLoader:240 - Cannot read IP mode file for SEGGER.I-CUBE-embOS.1.3.1
2023-11-07 13:43:31,091 [WARN] PackLoader:240 - Cannot read IP mode file for STMicroelectronics.X-CUBE-GNSS1.6.0.0
2023-11-07 13:43:31,164 [WARN] PackLoader:240 - Cannot read IP mode file for STMicroelectronics.X-CUBE-AZRTOS-F4.1.1.0
2023-11-07 13:43:31,211 [WARN] PackLoader:240 - Cannot read IP mode file for wolfSSL.I-CUBE-wolfSSL.5.6.0
2023-11-07 13:43:31,295 [WARN] PackLoader:240 - Cannot read IP mode file for STMicroelectronics.X-CUBE-AZRTOS-L5.2.0.0
2023-11-07 13:43:31,437 [WARN] PackLoader:240 - Cannot read IP mode file for STMicroelectronics.X-CUBE-MEMS1.9.6.0
2023-11-07 13:43:31,865 [WARN] PackLoader:240 - Cannot read IP mode file for STMicroelectronics.X-CUBE-EEPRMA1.4.2.0
2023-11-07 13:43:31,889 [WARN] PackLoader:240 - Cannot read IP mode file for ITTIA_DB.I-CUBE-ITTIADB.8.8.0
2023-11-07 13:43:31,930 [WARN] PackLoader:240 - Cannot read IP mode file for STMicroelectronics.X-CUBE-BLEMGR.2.0.0
2023-11-07 13:43:32,004 [WARN] ConditionMgr:438 - getConditionDescription Invalid condition id : UX DEVICE CLASS RTOS Condition cause : null
2023-11-07 13:43:32,005 [WARN] ConditionMgr:438 - getConditionDescription Invalid condition id : UX DEVICE CLASS RTOS Condition cause : null
2023-11-07 13:43:32,012 [WARN] PackLoader:240 - Cannot read IP mode file for STMicroelectronics.X-CUBE-AZRTOS-H7.3.1.0
2023-11-07 13:43:32,015 [WARN] ConditionMgr:1039 - genDependencies : Invalid condition id : UX DEVICE CLASS RTOS Condition cause : null
2023-11-07 13:43:32,015 [WARN] ConditionMgr:1039 - genDependencies : Invalid condition id : UX DEVICE CLASS RTOS Condition cause : null
2023-11-07 13:43:32,017 [WARN] ConditionMgr:1039 - genDependencies : Invalid condition id : UX DEVICE CLASS RTOS Condition cause : null
2023-11-07 13:43:32,018 [WARN] ConditionMgr:1039 - genDependencies : Invalid condition id : UX DEVICE CLASS RTOS Condition cause : null
2023-11-07 13:43:32,018 [WARN] ConditionMgr:1039 - genDependencies : Invalid condition id : UX DEVICE CLASS RTOS Condition cause : null
2023-11-07 13:43:32,060 [WARN] PackLoader:240 - Cannot read IP mode file for STMicroelectronics.X-CUBE-NFC7.1.0.1
2023-11-07 13:43:32,091 [WARN] PackLoader:240 - Cannot read IP mode file for STMicroelectronics.X-CUBE-NFC6.3.0.0
2023-11-07 13:43:32,120 [WARN] PackLoader:240 - Cannot read IP mode file for STMicroelectronics.X-CUBE-EEPRMA1.4.1.0
2023-11-07 13:43:32,159 [WARN] PackLoader:240 - Cannot read IP mode file for STMicroelectronics.X-CUBE-AI.8.1.0
2023-11-07 13:43:32,231 [WARN] ConditionMgr:438 - getConditionDescription Invalid condition id : LAN8742 Phy interface Condition cause : null
2023-11-07 13:43:32,232 [WARN] PackLoader:240 - Cannot read IP mode file for STMicroelectronics.X-CUBE-AZRTOS-L4.2.0.0
2023-11-07 13:43:32,235 [WARN] ConditionMgr:1039 - genDependencies : Invalid condition id : LAN8742 Phy interface Condition cause : null
2023-11-07 13:43:32,235 [WARN] ConditionMgr:1039 - genDependencies : Invalid condition id : LAN8742 Phy interface Condition cause : null
2023-11-07 13:43:32,237 [WARN] ConditionMgr:1039 - genDependencies : Invalid condition id : LAN8742 Phy interface Condition cause : null
2023-11-07 13:43:32,291 [WARN] PackLoader:240 - Cannot read IP mode file for STMicroelectronics.X-CUBE-SFXS2LP1.4.0.0
2023-11-07 13:43:32,327 [WARN] PackLoader:240 - Cannot read IP mode file for STMicroelectronics.X-CUBE-ISPU.1.1.0
2023-11-07 13:43:32,376 [WARN] ConditionMgr:438 - getConditionDescription Invalid condition id : UX DEVICE CLASS RTOS Condition cause : null
2023-11-07 13:43:32,376 [WARN] ConditionMgr:438 - getConditionDescription Invalid condition id : UX DEVICE CLASS RTOS Condition cause : null
2023-11-07 13:43:32,381 [WARN] PackLoader:240 - Cannot read IP mode file for STMicroelectronics.X-CUBE-AZRTOS-WB.2.0.0
2023-11-07 13:43:32,383 [WARN] ConditionMgr:1039 - genDependencies : Invalid condition id : UX DEVICE CLASS RTOS Condition cause : null
2023-11-07 13:43:32,383 [WARN] ConditionMgr:1039 - genDependencies : Invalid condition id : UX DEVICE CLASS RTOS Condition cause : null
2023-11-07 13:43:32,385 [WARN] ConditionMgr:1039 - genDependencies : Invalid condition id : UX DEVICE CLASS RTOS Condition cause : null
2023-11-07 13:43:32,386 [WARN] ConditionMgr:1039 - genDependencies : Invalid condition id : UX DEVICE CLASS RTOS Condition cause : null
2023-11-07 13:43:32,386 [WARN] ConditionMgr:1039 - genDependencies : Invalid condition id : UX DEVICE CLASS RTOS Condition cause : null
2023-11-07 13:43:32,411 [WARN] PackLoader:240 - Cannot read IP mode file for STMicroelectronics.X-CUBE-FREERTOS.1.0.1
2023-11-07 13:43:32,461 [WARN] PackLoader:240 - Cannot read IP mode file for STMicroelectronics.X-CUBE-AZRTOS-L5.1.1.0
2023-11-07 13:43:32,486 [WARN] PackLoader:240 - Cannot read IP mode file for STMicroelectronics.X-CUBE-AI.8.0.1
2023-11-07 13:43:32,521 [WARN] PackLoader:240 - Cannot read IP mode file for STMicroelectronics.X-CUBE-SUBG2.5.0.0
2023-11-07 13:43:32,566 [WARN] PackLoader:240 - Cannot read IP mode file for STMicroelectronics.X-CUBE-TOF1.3.3.1
2023-11-07 13:43:32,632 [WARN] PackLoader:240 - Cannot read IP mode file for STMicroelectronics.X-CUBE-AZRTOS-G4.2.0.0
2023-11-07 13:43:32,671 [WARN] PackLoader:240 - Cannot read IP mode file for STMicroelectronics.X-CUBE-TOF1.3.3.0
2023-11-07 13:43:32,731 [WARN] PackLoader:240 - Cannot read IP mode file for Infineon.AIROC-Wi-Fi-Bluetooth-STM32.1.5.1
2023-11-07 13:43:32,858 [WARN] PackLoader:240 - Cannot read IP mode file for STMicroelectronics.X-CUBE-MEMS1.10.0.0
2023-11-07 13:43:33,188 [WARN] PackLoader:240 - Cannot read IP mode file for STMicroelectronics.X-CUBE-FREERTOS.1.1.0
2023-11-07 13:43:33,213 [WARN] PackLoader:240 - Cannot read IP mode file for portGmbH.I-Cube-SoM-uGOAL.1.1.0
2023-11-07 13:43:33,237 [WARN] PackLoader:240 - Cannot read IP mode file for STMicroelectronics.X-CUBE-ALS.1.0.1
2023-11-07 13:43:33,283 [WARN] PackLoader:240 - Cannot read IP mode file for STMicroelectronics.X-CUBE-AZRTOS-WB.1.1.0
2023-11-07 13:43:33,319 [WARN] PackLoader:240 - Cannot read IP mode file for STMicroelectronics.FP-ATR-ASTRA1.2.0.0
2023-11-07 13:43:33,320 [INFO] ThirdParty:978 - Integrity check success = true
2023-11-07 13:43:33,320 [INFO] IntegrityCheckThread:100 - exiting critical section [integrity check]
2023-11-07 13:43:33,321 [INFO] IntegrityCheckThread:103 - End integrity checks thread
2023-11-07 13:43:33,321 [INFO] ThirdParty:873 - entering critical section [close project]
2023-11-07 13:43:33,322 [INFO] ThirdParty:883 - exiting critical section [close project]
2023-11-07 13:43:33,329 [INFO] PinOutPanel:1499 - setPackage(No Configuration,No Configuration)
2023-11-07 13:43:33,338 [INFO] UtilMem:75 - Begin LoadConfig() Used Memory: 523236080 Bytes (897581056)
2023-11-07 13:43:33,341 [INFO] MicroXplorer:468 - Change Database Path : 
2023-11-07 13:43:33,341 [INFO] MicroXplorer:498 - Change Database Version : DB.6.0.81
2023-11-07 13:43:33,341 [INFO] OpenFileManager:308 - Change cursor
2023-11-07 13:43:33,549 [INFO] Mcu:1937 - Initializing MCU STM32F205V(B-C-E-F-G)Tx STM32F205VCTx STM32F205VCT6
2023-11-07 13:43:38,341 [INFO] Context:659 - Trying to add GPIOservice into a context  which must be forbidden
2023-11-07 13:43:39,967 [INFO] RtosManager:555 - Registered RTOS mode: class=CMSIS, group=RTOS, mode=CMSIS_V1, owner=FREERTOS
2023-11-07 13:43:39,967 [INFO] RtosManager:555 - Registered RTOS mode: class=CMSIS, group=RTOS2, mode=CMSIS_V2, owner=FREERTOS
2023-11-07 13:43:39,968 [INFO] RtosManager:555 - Registered RTOS mode: class=RTOS, group=Core, mode=CMSIS_V1, owner=FREERTOS
2023-11-07 13:43:39,968 [INFO] RtosManager:555 - Registered RTOS mode: class=RTOS, group=Core, mode=CMSIS_V2, owner=FREERTOS
2023-11-07 13:43:39,968 [WARN] ModelIntegratedComponent:184 - Missing modes for component STMicroelectronics:FreeRTOS:0.0.1:STMicroelectronics:RTOS:FreeRTOS:Core:::10.2.0:
2023-11-07 13:43:40,005 [WARN] ModelIntegratedComponent:63 - No mode defined for component null
2023-11-07 13:43:40,005 [WARN] ModelIntegratedComponent:63 - No mode defined for component null
2023-11-07 13:43:40,005 [WARN] ModelIntegratedComponent:63 - No mode defined for component null
2023-11-07 13:43:40,005 [WARN] ModelIntegratedComponent:63 - No mode defined for component null
2023-11-07 13:43:40,005 [WARN] ModelIntegratedComponent:63 - No mode defined for component null
2023-11-07 13:43:40,006 [WARN] ModelIntegratedComponent:63 - No mode defined for component null
2023-11-07 13:43:40,006 [WARN] ModelIntegratedComponent:63 - No mode defined for component null
2023-11-07 13:43:40,006 [WARN] ModelIntegratedComponent:63 - No mode defined for component null
2023-11-07 13:43:40,006 [WARN] ModelIntegratedComponent:63 - No mode defined for component null
2023-11-07 13:43:40,006 [WARN] ModelIntegratedComponent:63 - No mode defined for component null
2023-11-07 13:43:40,006 [WARN] ModelIntegratedComponent:63 - No mode defined for component null
2023-11-07 13:43:40,006 [WARN] ModelIntegratedComponent:63 - No mode defined for component null
2023-11-07 13:43:40,006 [WARN] ModelIntegratedComponent:63 - No mode defined for component null
2023-11-07 13:43:40,007 [WARN] ModelIntegratedComponent:63 - No mode defined for component null
2023-11-07 13:43:40,007 [WARN] ModelIntegratedComponent:63 - No mode defined for component null
2023-11-07 13:43:40,007 [WARN] ModelIntegratedComponent:63 - No mode defined for component null
2023-11-07 13:43:40,007 [WARN] ModelIntegratedComponent:63 - No mode defined for component null
2023-11-07 13:43:40,007 [WARN] ModelIntegratedComponent:63 - No mode defined for component null
2023-11-07 13:43:40,007 [WARN] ModelIntegratedComponent:63 - No mode defined for component null
2023-11-07 13:43:40,007 [WARN] ModelIntegratedComponent:63 - No mode defined for component null
2023-11-07 13:43:40,007 [WARN] ModelIntegratedComponent:63 - No mode defined for component null
2023-11-07 13:43:40,008 [WARN] ModelIntegratedComponent:63 - No mode defined for component null
2023-11-07 13:43:40,008 [WARN] ModelIntegratedComponent:63 - No mode defined for component null
2023-11-07 13:43:40,008 [WARN] ModelIntegratedComponent:63 - No mode defined for component null
2023-11-07 13:43:40,008 [WARN] ModelIntegratedComponent:63 - No mode defined for component null
2023-11-07 13:43:40,008 [WARN] ModelIntegratedComponent:63 - No mode defined for component null
2023-11-07 13:43:40,008 [WARN] ModelIntegratedComponent:63 - No mode defined for component null
2023-11-07 13:43:40,008 [WARN] ModelIntegratedComponent:63 - No mode defined for component null
2023-11-07 13:43:40,008 [WARN] ModelIntegratedComponent:63 - No mode defined for component null
2023-11-07 13:43:40,009 [WARN] ModelIntegratedComponent:63 - No mode defined for component null
2023-11-07 13:43:40,009 [WARN] ModelIntegratedComponent:63 - No mode defined for component null
2023-11-07 13:43:40,009 [WARN] ModelIntegratedComponent:63 - No mode defined for component null
2023-11-07 13:43:40,009 [WARN] ModelIntegratedComponent:63 - No mode defined for component null
2023-11-07 13:43:40,284 [INFO] ThirdPartyModel:298 - Start build external matchings
2023-11-07 13:43:41,523 [INFO] ThirdPartyModel:316 - End build external matchings
2023-11-07 13:43:41,593 [INFO] ImportTextPane:194 - (OptionalMessage_ERROR) IP (RCC) : Parameter (48MHZClocksFreq_Value) has invalid value (60000000)
2023-11-07 13:43:41,594 [INFO] ImportTextPane:194 - (OptionalMessage_ERROR) IP (RCC) : Invalid parameter (FamilyName)
2023-11-07 13:43:41,596 [INFO] ImportTextPane:194 - (OptionalMessage_ERROR) IP (RCC) : Parameter (RTCHSEDivFreq_Value) has invalid value (12500000)
2023-11-07 13:43:42,581 [INFO] UtilMem:75 - End LoadConfig() Used Memory: 528004752 Bytes (897581056)
2023-11-07 13:43:42,788 [INFO] ApiDb:581 - Connected to CubeFinder SQLite database (C:\Users\Nhatn\.stmcufinder\plugins\mcufinder\mcu\cube-finder-db.db)
2023-11-07 13:43:42,897 [INFO] ApiDb:668 - CubeFinder database Data Model version=2.1
2023-11-07 13:43:42,897 [INFO] ApiDb:669 - CubeFinder database Configuration version=3.0.37
2023-11-07 13:43:42,898 [INFO] ApiDb:670 - CubeFinder database generation date=2023-10-13 (1697197505)
2023-11-07 13:43:42,898 [INFO] ApiDb:671 - CubeFinder database FW Pack versions=[FP-ATR-ASTRA1_V2.0.0, FP-SNS-FLIGHT1_V5.0.1, FP-SNS-FLIGHT1_V5.0.2, FP-SNS-MOTENV1_V4.3.1, FP-SNS-MOTENV1_V4.3.2, FP-SNS-SMARTAG2_V1.2.0, I-CUBE-ITTIADB_V8.6.3-1, STM32Cube_FW_C0_V1.1.0, STM32Cube_FW_F4_V1.27.1, STM32Cube_FW_F7_V1.17.0, STM32Cube_FW_G0_V1.6.1, STM32Cube_FW_G4_V1.5.1, STM32Cube_FW_H5_V0.5.1, STM32Cube_FW_H5_V1.1.1, STM32Cube_FW_H7_V1.11.0, STM32Cube_FW_L0_V1.12.2, STM32Cube_FW_L5_V1.5.0, STM32Cube_FW_U5_V1.3.0, STM32Cube_FW_U5_V1.3.0RC4, STM32Cube_FW_WBA_V1.0.0RC1, STM32Cube_FW_WBA_V1.1.0RC1, STM32Cube_FW_WBA_V1.1.1, STM32Cube_FW_WB_V1.15.0RC1, STM32Cube_FW_WB_V1.16.0, STM32Cube_FW_WB_V1.16.0RC2, STM32Cube_FW_WB_V1.17.3, STM32Cube_FW_WL_V1.3.0, X-CUBE-ALGOBUILD_V1.3.0, X-CUBE-ALS_V1.0.1, X-CUBE-AZRTOS-F4_V1.1.0, X-CUBE-AZRTOS-F7_V1.1.0, X-CUBE-AZRTOS-G0_V1.1.0, X-CUBE-AZRTOS-G4_V2.0.0, X-CUBE-AZRTOS-H7_V3.1.0, X-CUBE-AZRTOS-L4_V1.0.0, X-CUBE-AZRTOS-L4_V2.0.0, X-CUBE-AZRTOS-L5_V1.1.0, X-CUBE-AZRTOS-WB_V2.0.0, X-CUBE-AZRTOS-WL_V2.0.0, X-CUBE-BLE1_V7.0.0, X-CUBE-BLE2_V3.3.0, X-CUBE-BLEMGR_V2.0.0, X-CUBE-EEPRMA1_V4.1.0, X-CUBE-FREERTOS_V1.1.0, X-CUBE-GNSS1_V6.0.0, X-CUBE-MEMS1_V10.0.0, X-CUBE-MEMS1_V9.1.0, X-CUBE-MEMS1_V9.4.0, X-CUBE-MEMS1_V9.6.0, X-CUBE-NFC4_V3.0.0, X-CUBE-NFC7_V1.0.1, X-CUBE-SFXS2LP1_V4.0.0, X-CUBE-SUBG2_V5.0.0, X-CUBE-TOF1_V3.3.1]
2023-11-07 13:43:45,553 [INFO] ApiDb:240 - Found 297 in-development CPN: [B-G473E-ZEST1S, B-WB1M-WPAN1, B-WL5M-SUBG1, NUCLEO-C031C6, NUCLEO-H503RB, NUCLEO-H563ZI, NUCLEO-U545RE-Q, NUCLEO-U5A5ZJ-Q, NUCLEO-WBA52CG, STEVAL-PROTEUS1, STEVAL-STWINBX1, STM320518-EVAL, STM32C0116-DK, STM32C011D6Y3TR, STM32C011D6Y6TR, STM32C011F4P3, STM32C011F4P6, STM32C011F4U3, STM32C011F4U6TR, STM32C011F6P3, STM32C011F6P6, STM32C011F6U3, STM32C011F6U6TR, STM32C011J4M3, STM32C011J4M6, STM32C011J6M3, STM32C011J6M6, STM32C0316-DK, STM32C031C4T3, STM32C031C4T6, STM32C031C4U3, STM32C031C4U6, STM32C031C6T3, STM32C031C6T6, STM32C031C6U3, STM32C031C6U6, STM32C031F4P3, STM32C031F4P6, STM32C031F6P3, STM32C031F6P6, STM32C031G4U3, STM32C031G4U6, STM32C031G6U3, STM32C031G6U6, STM32C031K4T3, STM32C031K4T6, STM32C031K4U3, STM32C031K4U6, STM32C031K6T3, STM32C031K6T6, STM32C031K6U3, STM32C031K6U6, STM32G071K8TXN, STM32G071K8UXN, STM32G081GBU6N, STM32G081KBT6N, STM32G081KBUXN, STM32G0B1CCT6N, STM32G0B1KCT6, STM32G0B1NEY6TR, STM32G0B1RCT6N, STM32G0C1CCT6, STM32G0C1CCT6N, STM32G0C1CCU6N, STM32G0C1CET6N, STM32G0C1CEU6N, STM32G0C1KCT6, STM32G0C1NEY6TR, STM32G0C1RCI6N, STM32G0C1RCT6N, STM32G0C1REI6N, STM32G0C1RET6N, STM32G0C1VCI6, STM32G0C1VEI6, STM32G471CCT6, STM32G471CCU6, STM32G471CET3, STM32G471CET6, STM32G471CEU3, STM32G471CEU6, STM32G471MCT6, STM32G471MET3, STM32G471MET6, STM32G471MEY6TR, STM32G471QCT6, STM32G471QET3, STM32G471RCT6, STM32G471RET3, STM32G471RET6, STM32G471VCH6, STM32G471VCI6, STM32G471VCT6, STM32G471VEH3, STM32G471VEH6, STM32G471VEI3, STM32G471VEI6, STM32G471VET3, STM32G471VET6, STM32G474CCT6, STM32H503CBT6, STM32H503CBU6, STM32H503EBY6TR, STM32H503KBU6, STM32H503RBT6, STM32H562AGI6, STM32H562AII6, STM32H562IGK6, STM32H562IGT6, STM32H562IIK6, STM32H562IIT6, STM32H562RGT6, STM32H562RGV6, STM32H562RIT6, STM32H562RIV6, STM32H562VGT6, STM32H562VIT6, STM32H562ZGT6, STM32H562ZIT6, STM32H563AGI6, STM32H563AII3Q, STM32H563AII6, STM32H563IGK6, STM32H563IGT6, STM32H563IIK3Q, STM32H563IIK6, STM32H563IIT3Q, STM32H563IIT6, STM32H563MIY3QTR, STM32H563RGT6, STM32H563RGV6, STM32H563RIT6, STM32H563RIV6, STM32H563VGT6, STM32H563VIT3Q, STM32H563VIT6, STM32H563ZGT6, STM32H563ZIT3Q, STM32H563ZIT6, STM32H573AII3Q, STM32H573AII6, STM32H573I-DK, STM32H573IIK3Q, STM32H573IIK6, STM32H573IIT3Q, STM32H573IIT6, STM32H573MIY3QTR, STM32H573RIT6, STM32H573RIV6, STM32H573VIT3Q, STM32H573VIT6, STM32H573ZIT3Q, STM32H573ZIT6, STM32L4R5QGI6STR, STM32MP131AAE3, STM32MP131AAF3, STM32MP131AAG3, STM32MP131CAE3, STM32MP131CAF3, STM32MP131CAG3, STM32MP131DAE7, STM32MP131DAF7, STM32MP131DAG7, STM32MP131FAE7, STM32MP131FAF7, STM32MP131FAG7, STM32MP133AAE3, STM32MP133AAF3, STM32MP133AAG3, STM32MP133CAE3, STM32MP133CAF3, STM32MP133CAG3, STM32MP133DAE7, STM32MP133DAF7, STM32MP133DAG7, STM32MP133FAE7, STM32MP133FAF7, STM32MP133FAG7, STM32MP135AAE3, STM32MP135AAF3, STM32MP135AAG3, STM32MP135CAE3, STM32MP135CAF3, STM32MP135CAG3, STM32MP135DAE7, STM32MP135DAF7, STM32MP135DAG7, STM32MP135F-DK, STM32MP135FAE7, STM32MP135FAF7, STM32MP135FAF7T, STM32MP135FAF7U, STM32MP135FAG7, STM32U535CBT6, STM32U535CBT6Q, STM32U535CBU6, STM32U535CBU6Q, STM32U535CCT6, STM32U535CCT6Q, STM32U535CCU6, STM32U535CCU6Q, STM32U535CET6, STM32U535CET6Q, STM32U535CEU6, STM32U535CEU6Q, STM32U535JEY6QTR, STM32U535NCY6QTR, STM32U535NEY6QTR, STM32U535RBI6, STM32U535RBI6Q, STM32U535RBT6, STM32U535RBT6Q, STM32U535RCI6, STM32U535RCI6Q, STM32U535RCT6, STM32U535RCT6Q, STM32U535REI6, STM32U535REI6Q, STM32U535RET6, STM32U535RET6Q, STM32U535VCI6, STM32U535VCI6Q, STM32U535VCT6, STM32U535VCT6Q, STM32U535VEI6, STM32U535VEI6Q, STM32U535VET6, STM32U535VET6Q, STM32U545CET6, STM32U545CET6Q, STM32U545CEU6, STM32U545CEU6Q, STM32U545JEY6QTR, STM32U545NEY6QTR, STM32U545REI6, STM32U545REI6Q, STM32U545RET6, STM32U545RET6Q, STM32U545VEI6, STM32U545VEI6Q, STM32U545VET6, STM32U545VET6Q, STM32U595AIH6, STM32U595AIH6Q, STM32U595AJH6, STM32U595AJH6Q, STM32U595QII6, STM32U595QII6Q, STM32U595QJI6, STM32U595QJI6Q, STM32U595RIT6, STM32U595RIT6Q, STM32U595RJT6, STM32U595RJT6Q, STM32U595VIT6, STM32U595VIT6Q, STM32U595VJT6, STM32U595VJT6Q, STM32U595ZIT6, STM32U595ZIT6Q, STM32U595ZIY6QTR, STM32U595ZJT6, STM32U595ZJT6Q, STM32U595ZJY6QTR, STM32U599BJY6QTR, STM32U599NIH6Q, STM32U599NJH6Q, STM32U599VIT6Q, STM32U599VJT6, STM32U599VJT6Q, STM32U599ZIT6Q, STM32U599ZIY6QTR, STM32U599ZJT6Q, STM32U599ZJY6QTR, STM32U5A5AJH6, STM32U5A5AJH6Q, STM32U5A5QJI6, STM32U5A5QJI6Q, STM32U5A5RJT6, STM32U5A5RJT6Q, STM32U5A5VJT6, STM32U5A5VJT6Q, STM32U5A5ZJT6, STM32U5A5ZJT6Q, STM32U5A5ZJY6QTR, STM32U5A9BJY6QTR, STM32U5A9J-DK, STM32U5A9NJH6Q, STM32U5A9VJT6Q, STM32U5A9ZJT6Q, STM32U5A9ZJY6QTR, STM32WB1MMCH6, STM32WBA52CEU6, STM32WBA52CEU6T, STM32WBA52CGU6, STM32WBA52CGU6T, STM32WL5MOCH6, STM32WL5MOCH6TR]
2023-11-07 13:43:45,558 [INFO] DbMcus:216 - Found 3825 MCUs, 3825 are supported
2023-11-07 13:43:45,563 [INFO] ApiDb:423 - Load user favorites file C:\Users\Nhatn/.stm32cubeide/favorites.mcus.txt: 0 item(s)
2023-11-07 13:43:45,564 [INFO] ApiDb:427 - User favorites MCUs=[]
2023-11-07 13:43:45,564 [INFO] DbMcus:222 - Set 0 / 0 favorites MCUs
2023-11-07 13:43:46,228 [WARN] ThirdParty:833 - waiting for thirdparty lock release [change project]
2023-11-07 13:43:46,228 [INFO] ThirdParty:835 - entering critical section [change project]
2023-11-07 13:43:46,229 [INFO] ThirdParty:1030 - CMSIS Pack Vendor :STMicroelectronics X-CUBE-ISPU 1.1.0
2023-11-07 13:43:46,229 [INFO] ThirdParty:1030 - CMSIS Pack Vendor :STMicroelectronics X-CUBE-GNSS1 6.0.0
2023-11-07 13:43:46,229 [INFO] ThirdParty:1030 - CMSIS Pack Vendor :STMicroelectronics USB_HOST 2.0.0
2023-11-07 13:43:46,229 [INFO] ThirdParty:1030 - CMSIS Pack Vendor :STMicroelectronics X-CUBE-AZRTOS-F4 1.1.0
2023-11-07 13:43:46,229 [INFO] ThirdParty:1030 - CMSIS Pack Vendor :STMicroelectronics LIBJPEG 8.0.0
2023-11-07 13:43:46,229 [INFO] ThirdParty:1030 - CMSIS Pack Vendor :STMicroelectronics X-CUBE-SMBUS 2.1.0
2023-11-07 13:43:46,229 [INFO] ThirdParty:1030 - CMSIS Pack Vendor :wolfSSL I-CUBE-wolfSSL 5.6.0
2023-11-07 13:43:46,229 [INFO] ThirdParty:1030 - CMSIS Pack Vendor :STMicroelectronics USB_DEVICE 3.0.0
2023-11-07 13:43:46,229 [INFO] ThirdParty:1030 - CMSIS Pack Vendor :STMicroelectronics X-CUBE-AZRTOS-WB 2.0.0
2023-11-07 13:43:46,229 [INFO] ThirdParty:1030 - CMSIS Pack Vendor :STMicroelectronics X-CUBE-FREERTOS 1.0.1
2023-11-07 13:43:46,229 [INFO] ThirdParty:1030 - CMSIS Pack Vendor :STMicroelectronics X-CUBE-AZRTOS-F7 1.1.0
2023-11-07 13:43:46,230 [INFO] ThirdParty:1030 - CMSIS Pack Vendor :STMicroelectronics X-CUBE-AZRTOS-L5 2.0.0
2023-11-07 13:43:46,230 [INFO] ThirdParty:1030 - CMSIS Pack Vendor :STMicroelectronics USB_DEVICE 2.0.0
2023-11-07 13:43:46,230 [INFO] ThirdParty:1030 - CMSIS Pack Vendor :STMicroelectronics X-CUBE-MEMS1 9.6.0
2023-11-07 13:43:46,230 [INFO] ThirdParty:1030 - CMSIS Pack Vendor :STMicroelectronics X-CUBE-EEPRMA1 4.2.0
2023-11-07 13:43:46,230 [INFO] ThirdParty:1030 - CMSIS Pack Vendor :ITTIA_DB I-CUBE-ITTIADB 8.8.0
2023-11-07 13:43:46,230 [INFO] ThirdParty:1030 - CMSIS Pack Vendor :STMicroelectronics FP-SNS-MOTENV1 4.3.2
2023-11-07 13:43:46,230 [INFO] ThirdParty:1030 - CMSIS Pack Vendor :STMicroelectronics FP-SNS-FLIGHT1 5.0.1
2023-11-07 13:43:46,230 [INFO] ThirdParty:1030 - CMSIS Pack Vendor :STMicroelectronics X-CUBE-ALGOBUILD 1.3.0
2023-11-07 13:43:46,230 [INFO] ThirdParty:1030 - CMSIS Pack Vendor :STMicroelectronics X-CUBE-BLE1 6.2.4
2023-11-07 13:43:46,230 [INFO] ThirdParty:1030 - CMSIS Pack Vendor :STMicroelectronics X-CUBE-AZRTOS-L5 1.1.0
2023-11-07 13:43:46,230 [INFO] ThirdParty:1030 - CMSIS Pack Vendor :STMicroelectronics FreeRTOS 0.0.1
2023-11-07 13:43:46,231 [INFO] ThirdParty:1030 - CMSIS Pack Vendor :STMicroelectronics X-CUBE-AZRTOS-G0 1.1.0
2023-11-07 13:43:46,231 [INFO] ThirdParty:1030 - CMSIS Pack Vendor :STMicroelectronics X-CUBE-BLEMGR 2.0.0
2023-11-07 13:43:46,231 [INFO] ThirdParty:1030 - CMSIS Pack Vendor :STMicroelectronics X-CUBE-AI 8.0.1
2023-11-07 13:43:46,231 [INFO] ThirdParty:1030 - CMSIS Pack Vendor :STMicroelectronics X-CUBE-NFC4 3.0.0
2023-11-07 13:43:46,231 [INFO] ThirdParty:1030 - CMSIS Pack Vendor :STMicroelectronics X-CUBE-SUBG2 5.0.0
2023-11-07 13:43:46,231 [INFO] ThirdParty:1030 - CMSIS Pack Vendor :STMicroelectronics STM32_WPAN 1.0.0
2023-11-07 13:43:46,231 [INFO] ThirdParty:1030 - CMSIS Pack Vendor :STMicroelectronics lwIP 2.0.3
2023-11-07 13:43:46,231 [INFO] ThirdParty:1030 - CMSIS Pack Vendor :STMicroelectronics FP-SNS-FLIGHT1 5.0.2
2023-11-07 13:43:46,232 [INFO] ThirdParty:1030 - CMSIS Pack Vendor :STMicroelectronics USB_HOST 1.0.0
2023-11-07 13:43:46,232 [INFO] ThirdParty:1030 - CMSIS Pack Vendor :STMicroelectronics X-CUBE-TOF1 3.3.1
2023-11-07 13:43:46,232 [INFO] ThirdParty:1030 - CMSIS Pack Vendor :STMicroelectronics X-CUBE-AZRTOS-G4 2.0.0
2023-11-07 13:43:46,234 [INFO] ThirdParty:1030 - CMSIS Pack Vendor :STMicroelectronics PDM2PCM 3.1.0
2023-11-07 13:43:46,234 [INFO] ThirdParty:1030 - CMSIS Pack Vendor :STMicroelectronics X-CUBE-AZRTOS-H7 3.1.0
2023-11-07 13:43:46,234 [INFO] ThirdParty:1030 - CMSIS Pack Vendor :STMicroelectronics X-CUBE-TOF1 3.3.0
2023-11-07 13:43:46,234 [INFO] ThirdParty:1030 - CMSIS Pack Vendor :Infineon AIROC-Wi-Fi-Bluetooth-STM32 1.5.1
2023-11-07 13:43:46,234 [INFO] ThirdParty:1030 - CMSIS Pack Vendor :STMicroelectronics X-CUBE-BLEMGR 3.0.0
2023-11-07 13:43:46,234 [INFO] ThirdParty:1030 - CMSIS Pack Vendor :STMicroelectronics PDM2PCM 3.3.0
2023-11-07 13:43:46,234 [INFO] ThirdParty:1030 - CMSIS Pack Vendor :STMicroelectronics X-CUBE-DISPLAY 3.0.0
2023-11-07 13:43:46,234 [INFO] ThirdParty:1030 - CMSIS Pack Vendor :STMicroelectronics X-CUBE-BLE1 7.0.0
2023-11-07 13:43:46,234 [INFO] ThirdParty:1030 - CMSIS Pack Vendor :STMicroelectronics FP-ATR-SIGFOX1 3.2.0
2023-11-07 13:43:46,235 [INFO] ThirdParty:1030 - CMSIS Pack Vendor :STMicroelectronics HAL Drivers 0.0.0
2023-11-07 13:43:46,235 [INFO] ThirdParty:1030 - CMSIS Pack Vendor :STMicroelectronics MBEDTLS 2.16.2
2023-11-07 13:43:46,235 [INFO] ThirdParty:1030 - CMSIS Pack Vendor :emotas I-CUBE-CANOPEN 1.3.0
2023-11-07 13:43:46,235 [INFO] ThirdParty:1030 - CMSIS Pack Vendor :STMicroelectronics X-CUBE-MEMS1 10.0.0
2023-11-07 13:43:46,235 [INFO] ThirdParty:1030 - CMSIS Pack Vendor :STMicroelectronics X-CUBE-FREERTOS 1.1.0
2023-11-07 13:43:46,235 [INFO] ThirdParty:1030 - CMSIS Pack Vendor :STMicroelectronics X-CUBE-TOUCHGFX 4.22.0
2023-11-07 13:43:46,235 [INFO] ThirdParty:1030 - CMSIS Pack Vendor :STMicroelectronics X-CUBE-NFC7 1.0.1
2023-11-07 13:43:46,236 [INFO] ThirdParty:1030 - CMSIS Pack Vendor :STMicroelectronics MBEDTLS 2.14.1
2023-11-07 13:43:46,236 [INFO] ThirdParty:1030 - CMSIS Pack Vendor :STMicroelectronics X-CUBE-TOUCHGFX 4.22.1
2023-11-07 13:43:46,236 [INFO] ThirdParty:1030 - CMSIS Pack Vendor :STMicroelectronics X-CUBE-NFC6 3.0.0
2023-11-07 13:43:46,236 [INFO] ThirdParty:1030 - CMSIS Pack Vendor :STMicroelectronics X-CUBE-EEPRMA1 4.1.0
2023-11-07 13:43:46,236 [INFO] ThirdParty:1030 - CMSIS Pack Vendor :portGmbH I-Cube-SoM-uGOAL 1.1.0
2023-11-07 13:43:46,236 [INFO] ThirdParty:1030 - CMSIS Pack Vendor :STMicroelectronics X-CUBE-ALS 1.0.1
2023-11-07 13:43:46,236 [INFO] ThirdParty:1030 - CMSIS Pack Vendor :STMicroelectronics ThreadX 1.0.0
2023-11-07 13:43:46,236 [INFO] ThirdParty:1030 - CMSIS Pack Vendor :STMicroelectronics FP-SNS-SMARTAG2 1.2.0
2023-11-07 13:43:46,237 [INFO] ThirdParty:1030 - CMSIS Pack Vendor :STMicroelectronics X-CUBE-AZRTOS-WB 1.1.0
2023-11-07 13:43:46,237 [INFO] ThirdParty:1030 - CMSIS Pack Vendor :STMicroelectronics X-CUBE-AZRTOS-WL 2.0.0
2023-11-07 13:43:46,237 [INFO] ThirdParty:1030 - CMSIS Pack Vendor :SEGGER I-CUBE-embOS 1.3.1
2023-11-07 13:43:46,237 [INFO] ThirdParty:1030 - CMSIS Pack Vendor :STMicroelectronics USB_DEVICE 1.0.0
2023-11-07 13:43:46,237 [INFO] ThirdParty:1030 - CMSIS Pack Vendor :STMicroelectronics X-CUBE-AI 8.1.0
2023-11-07 13:43:46,237 [INFO] ThirdParty:1030 - CMSIS Pack Vendor :STMicroelectronics X-CUBE-AZRTOS-L4 2.0.0
2023-11-07 13:43:46,237 [INFO] ThirdParty:1030 - CMSIS Pack Vendor :STMicroelectronics ThreadX 0.0.2
2023-11-07 13:43:46,237 [INFO] ThirdParty:1030 - CMSIS Pack Vendor :WES I-CUBE-Cesium 1.3.0
2023-11-07 13:43:46,237 [INFO] ThirdParty:1030 - CMSIS Pack Vendor :STMicroelectronics FP-ATR-ASTRA1 2.0.0
2023-11-07 13:43:46,238 [INFO] ThirdParty:1030 - CMSIS Pack Vendor :STMicroelectronics lwIP 2.1.2
2023-11-07 13:43:46,238 [INFO] ThirdParty:1030 - CMSIS Pack Vendor :STMicroelectronics X-CUBE-SFXS2LP1 4.0.0
2023-11-07 13:43:46,238 [INFO] ThirdParty:1030 - CMSIS Pack Vendor :STMicroelectronics X-CUBE-BLE2 3.3.0
2023-11-07 13:43:46,238 [INFO] ThirdParty:1030 - CMSIS Pack Vendor :STMicroelectronics PDM2PCM 3.2.0
2023-11-07 13:43:46,238 [INFO] ThirdParty:841 - exiting critical section [change project]
2023-11-07 13:43:47,424 [INFO] PinOutPanel:1499 - setPackage(No Configuration,No Configuration)
2023-11-07 13:43:47,427 [INFO] PinOutPanel:1499 - setPackage(STM32F205VCTx,LQFP100)
2023-11-07 13:43:48,735 [INFO] UtilMem:75 - Before build in PCC Used Memory: 649880784 Bytes (897581056)
2023-11-07 13:43:51,142 [INFO] UtilMem:75 - After build in PCC Used Memory: 574817096 Bytes (897581056)
2023-11-07 13:43:51,255 [INFO] IPUIPlugin:80 - create IPUIPlugin
2023-11-07 13:43:51,255 [INFO] IPUIPlugin:80 - create IPUIPlugin
2023-11-07 13:43:51,255 [INFO] IPUIPlugin:80 - create IPUIPlugin
2023-11-07 13:43:51,255 [INFO] IPUIPlugin:80 - create IPUIPlugin
2023-11-07 13:43:51,255 [INFO] IPUIPlugin:80 - create IPUIPlugin
2023-11-07 13:43:51,256 [INFO] IPUIPlugin:80 - create IPUIPlugin
2023-11-07 13:43:51,256 [INFO] IPUIPlugin:80 - create IPUIPlugin
2023-11-07 13:43:51,257 [INFO] IPUIPlugin:80 - create IPUIPlugin
2023-11-07 13:43:51,257 [INFO] IPUIPlugin:80 - create IPUIPlugin
2023-11-07 13:43:51,257 [INFO] IPUIPlugin:80 - create IPUIPlugin
2023-11-07 13:43:51,257 [INFO] IPUIPlugin:80 - create IPUIPlugin
2023-11-07 13:43:51,258 [INFO] IPUIPlugin:80 - create IPUIPlugin
2023-11-07 13:43:51,258 [INFO] IPUIPlugin:80 - create IPUIPlugin
2023-11-07 13:43:51,258 [INFO] IPUIPlugin:80 - create IPUIPlugin
2023-11-07 13:43:51,258 [INFO] IPUIPlugin:80 - create IPUIPlugin
2023-11-07 13:43:51,259 [INFO] IPUIPlugin:80 - create IPUIPlugin
2023-11-07 13:43:51,259 [INFO] IPUIPlugin:80 - create IPUIPlugin
2023-11-07 13:43:51,259 [INFO] IPUIPlugin:80 - create IPUIPlugin
2023-11-07 13:43:51,260 [INFO] IPUIPlugin:80 - create IPUIPlugin
2023-11-07 13:43:51,261 [INFO] IPUIPlugin:80 - create IPUIPlugin
2023-11-07 13:43:51,261 [INFO] IPUIPlugin:80 - create IPUIPlugin
2023-11-07 13:43:51,261 [INFO] IPUIPlugin:80 - create IPUIPlugin
2023-11-07 13:43:51,262 [INFO] IPUIPlugin:80 - create IPUIPlugin
2023-11-07 13:43:51,273 [INFO] IPUIPlugin:80 - create IPUIPlugin
2023-11-07 13:43:51,273 [INFO] IPUIPlugin:80 - create IPUIPlugin
2023-11-07 13:43:51,274 [INFO] IPUIPlugin:80 - create IPUIPlugin
2023-11-07 13:43:51,274 [INFO] IPUIPlugin:80 - create IPUIPlugin
2023-11-07 13:43:51,275 [INFO] IPUIPlugin:80 - create IPUIPlugin
2023-11-07 13:43:51,276 [INFO] IPUIPlugin:80 - create IPUIPlugin
2023-11-07 13:43:51,276 [INFO] IPUIPlugin:80 - create IPUIPlugin
2023-11-07 13:43:51,277 [INFO] IPUIPlugin:80 - create IPUIPlugin
2023-11-07 13:43:51,278 [INFO] IPUIPlugin:80 - create IPUIPlugin
2023-11-07 13:43:51,279 [INFO] IPUIPlugin:80 - create IPUIPlugin
2023-11-07 13:43:51,279 [INFO] IPUIPlugin:80 - create IPUIPlugin
2023-11-07 13:43:51,280 [INFO] IPUIPlugin:80 - create IPUIPlugin
2023-11-07 13:43:51,281 [INFO] IPUIPlugin:80 - create IPUIPlugin
2023-11-07 13:43:51,281 [INFO] IPUIPlugin:80 - create IPUIPlugin
2023-11-07 13:43:51,282 [INFO] IPUIPlugin:80 - create IPUIPlugin
2023-11-07 13:43:51,283 [INFO] IPUIPlugin:80 - create IPUIPlugin
2023-11-07 13:43:51,283 [INFO] IPUIPlugin:80 - create IPUIPlugin
2023-11-07 13:43:51,284 [INFO] IPUIPlugin:80 - create IPUIPlugin
2023-11-07 13:43:51,285 [INFO] IPUIPlugin:80 - create IPUIPlugin
2023-11-07 13:43:51,285 [INFO] IPUIPlugin:80 - create IPUIPlugin
2023-11-07 13:43:51,286 [INFO] IPUIPlugin:80 - create IPUIPlugin
2023-11-07 13:43:51,286 [INFO] IPUIPlugin:80 - create IPUIPlugin
2023-11-07 13:43:51,287 [INFO] IPUIPlugin:80 - create IPUIPlugin
2023-11-07 13:43:51,288 [INFO] IPUIPlugin:80 - create IPUIPlugin
2023-11-07 13:43:51,288 [INFO] IPUIPlugin:80 - create IPUIPlugin
2023-11-07 13:43:51,289 [INFO] IPUIPlugin:80 - create IPUIPlugin
2023-11-07 13:43:51,289 [INFO] IPUIPlugin:80 - create IPUIPlugin
2023-11-07 13:43:51,290 [INFO] IPUIPlugin:80 - create IPUIPlugin
2023-11-07 13:43:51,291 [INFO] IPUIPlugin:80 - create IPUIPlugin
2023-11-07 13:43:51,292 [INFO] IPUIPlugin:80 - create IPUIPlugin
2023-11-07 13:43:51,293 [INFO] IPUIPlugin:80 - create IPUIPlugin
2023-11-07 13:43:51,294 [INFO] IPUIPlugin:80 - create IPUIPlugin
2023-11-07 13:43:51,499 [INFO] ApiDbMcu:507 - Load IP Config File for PDM2PCM
2023-11-07 13:43:52,119 [INFO] CADModel:165 - CPN selected for project levelSTM32F205VCT6
2023-11-07 13:43:52,119 [INFO] CADModel:114 - Register for checkConnection events
2023-11-07 13:43:52,191 [INFO] OpenFileManager:328 - Restore cursor
2023-11-07 13:45:54,691 [INFO] Activator:176 - 


2023-11-07 13:45:54,696 [INFO] Activator:177 - !SESSION log4j initialized
2023-11-07 13:46:07,078 [INFO] LogOutputStream:77 - [STDOUT_REDIRECT] 
2023-11-07 13:46:36,252 [ERROR] LogOutputStream:75 - [STDERR_REDIRECT] SLF4J: Failed to load class "org.slf4j.impl.StaticLoggerBinder".
2023-11-07 13:46:36,253 [ERROR] LogOutputStream:75 - [STDERR_REDIRECT] SLF4J: Defaulting to no-operation (NOP) logger implementation
2023-11-07 13:46:36,257 [ERROR] LogOutputStream:75 - [STDERR_REDIRECT] SLF4J: See http://www.slf4j.org/codes.html#StaticLoggerBinder for further details.
2023-11-07 13:49:04,143 [INFO] Activator:176 - 


2023-11-07 13:49:04,146 [INFO] Activator:177 - !SESSION log4j initialized
2023-11-07 13:49:08,893 [INFO] LogOutputStream:77 - [STDOUT_REDIRECT] 
2023-11-07 13:49:50,671 [INFO] Activator:176 - 


2023-11-07 13:49:50,675 [INFO] Activator:177 - !SESSION log4j initialized
2023-11-07 13:49:57,208 [INFO] LogOutputStream:77 - [STDOUT_REDIRECT] 
2023-11-07 13:51:04,415 [INFO] Activator:176 - 


2023-11-07 13:51:04,420 [INFO] Activator:177 - !SESSION log4j initialized
2023-11-07 13:51:10,140 [INFO] LogOutputStream:77 - [STDOUT_REDIRECT] 
