2023-07-15 08:41:20,537 [INFO] Activator:176 - 


2023-07-15 08:41:20,564 [INFO] Activator:177 - !SESSION log4j initialized
2023-07-15 08:41:34,918 [INFO] LogOutputStream:77 - [STDOUT_REDIRECT] 
2023-07-15 08:42:00,101 [ERROR] LogOutputStream:75 - [STDERR_REDIRECT] SLF4J: Failed to load class "org.slf4j.impl.StaticLoggerBinder".
2023-07-15 08:42:00,102 [ERROR] LogOutputStream:75 - [STDERR_REDIRECT] SLF4J: Defaulting to no-operation (NOP) logger implementation
2023-07-15 08:42:00,106 [ERROR] LogOutputStream:75 - [STDERR_REDIRECT] SLF4J: See http://www.slf4j.org/codes.html#StaticLoggerBinder for further details.
2023-07-15 14:18:34,307 [INFO] Activator:176 - 


2023-07-15 14:18:34,319 [INFO] Activator:177 - !SESSION log4j initialized
2023-07-15 14:18:45,304 [INFO] LogOutputStream:77 - [STDOUT_REDIRECT] 
2023-07-15 14:19:08,280 [ERROR] LogOutputStream:75 - [STDERR_REDIRECT] SLF4J: Failed to load class "org.slf4j.impl.StaticLoggerBinder".
2023-07-15 14:19:08,281 [ERROR] LogOutputStream:75 - [STDERR_REDIRECT] SLF4J: Defaulting to no-operation (NOP) logger implementation
2023-07-15 14:19:08,286 [ERROR] LogOutputStream:75 - [STDERR_REDIRECT] SLF4J: See http://www.slf4j.org/codes.html#StaticLoggerBinder for further details.
2023-07-15 14:47:16,419 [ERROR] ConfigurationRetriever:142 - IOException on connection: Read timed out
2023-07-15 19:21:18,250 [INFO] Activator:176 - 


2023-07-15 19:21:18,261 [INFO] Activator:177 - !SESSION log4j initialized
2023-07-15 19:21:28,977 [INFO] LogOutputStream:77 - [STDOUT_REDIRECT] 
2023-07-15 19:21:52,293 [ERROR] LogOutputStream:75 - [STDERR_REDIRECT] SLF4J: Failed to load class "org.slf4j.impl.StaticLoggerBinder".
2023-07-15 19:21:52,294 [ERROR] LogOutputStream:75 - [STDERR_REDIRECT] SLF4J: Defaulting to no-operation (NOP) logger implementation
2023-07-15 19:21:52,298 [ERROR] LogOutputStream:75 - [STDERR_REDIRECT] SLF4J: See http://www.slf4j.org/codes.html#StaticLoggerBinder for further details.
2023-07-15 21:50:29,749 [ERROR] ConfigurationRetriever:142 - IOException on connection: connect timed out
2023-07-15 21:50:33,419 [ERROR] ConfigurationRetriever:142 - IOException on connection: Read timed out
2023-07-15 21:50:45,890 [ERROR] ConfigurationRetriever:142 - IOException on connection: Read timed out
2023-07-15 21:51:58,724 [ERROR] ConfigurationRetriever:142 - IOException on connection: Read timed out
2023-07-15 22:53:21,507 [ERROR] ConfigurationRetriever:142 - IOException on connection: connect timed out
2023-07-15 23:22:46,011 [ERROR] ConfigurationRetriever:142 - IOException on connection: Read timed out
2023-07-15 23:34:56,180 [INFO] Activator:176 - 


2023-07-15 23:34:56,183 [INFO] Activator:177 - !SESSION log4j initialized
2023-07-15 23:35:09,685 [INFO] LogOutputStream:77 - [STDOUT_REDIRECT] 
2023-07-15 23:35:33,676 [ERROR] LogOutputStream:75 - [STDERR_REDIRECT] SLF4J: Failed to load class "org.slf4j.impl.StaticLoggerBinder".
2023-07-15 23:35:33,677 [ERROR] LogOutputStream:75 - [STDERR_REDIRECT] SLF4J: Defaulting to no-operation (NOP) logger implementation
2023-07-15 23:35:33,682 [ERROR] LogOutputStream:75 - [STDERR_REDIRECT] SLF4J: See http://www.slf4j.org/codes.html#StaticLoggerBinder for further details.
